{"level":"info","message":"executed thread","timestamp":"2018-05-26T18:05:36.364Z"}
{"level":"info","message":"thread master","timestamp":"2018-05-26T18:05:36.365Z"}
{"level":"info","message":"cluster conected 10388","timestamp":"2018-05-26T18:05:37.234Z"}
{"level":"info","message":"executed thread","timestamp":"2018-05-26T18:05:36.744Z"}
{"level":"info","message":"thread slave","timestamp":"2018-05-26T18:05:36.746Z"}
{"level":"info","message":"Server run in port 3000.","timestamp":"2018-05-26T18:05:37.233Z"}
{"level":"info","message":"cluster conected 236","timestamp":"2018-05-26T18:05:37.241Z"}
{"level":"info","message":"executed thread","timestamp":"2018-05-26T18:05:36.740Z"}
{"level":"info","message":"thread slave","timestamp":"2018-05-26T18:05:36.742Z"}
{"level":"info","message":"Server run in port 3000.","timestamp":"2018-05-26T18:05:37.240Z"}
{"level":"info","message":"executed thread","timestamp":"2018-05-26T18:05:36.759Z"}
{"level":"info","message":"thread slave","timestamp":"2018-05-26T18:05:36.774Z"}
{"level":"info","message":"Server run in port 3000.","timestamp":"2018-05-26T18:05:37.244Z"}
{"level":"info","message":"cluster conected 13520","timestamp":"2018-05-26T18:05:37.256Z"}
{"level":"info","message":"cluster conected 3432","timestamp":"2018-05-26T18:05:37.296Z"}
{"level":"info","message":"executed thread","timestamp":"2018-05-26T18:05:36.778Z"}
{"level":"info","message":"thread slave","timestamp":"2018-05-26T18:05:36.782Z"}
{"level":"info","message":"Server run in port 3000.","timestamp":"2018-05-26T18:05:37.295Z"}
[{"id":1,"name":"teste","description":"teste"}]
[{"id":1,"name":"teste","description":"teste"}]
[{"id":1,"name":"teste","description":"teste"}]
[{"id":1,"name":"teste","description":"teste"}]
{"level":"info","message":"executed thread","timestamp":"2018-05-26T18:07:42.097Z"}
{"level":"info","message":"thread master","timestamp":"2018-05-26T18:07:42.109Z"}
{"level":"info","message":"cluster conected 9380","timestamp":"2018-05-26T18:07:43.052Z"}
{"level":"info","message":"executed thread","timestamp":"2018-05-26T18:07:42.558Z"}
{"level":"info","message":"thread slave","timestamp":"2018-05-26T18:07:42.570Z"}
{"level":"info","message":"cluster conected 9776","timestamp":"2018-05-26T18:07:43.055Z"}
{"level":"info","message":"Server run in port 3000.","timestamp":"2018-05-26T18:07:43.048Z"}
{"level":"info","message":"executed thread","timestamp":"2018-05-26T18:07:42.569Z"}
{"level":"info","message":"thread slave","timestamp":"2018-05-26T18:07:42.580Z"}
{"level":"info","message":"Server run in port 3000.","timestamp":"2018-05-26T18:07:43.053Z"}
{"level":"info","message":"cluster conected 13660","timestamp":"2018-05-26T18:07:43.124Z"}
{"level":"info","message":"executed thread","timestamp":"2018-05-26T18:07:42.600Z"}
{"level":"info","message":"thread slave","timestamp":"2018-05-26T18:07:42.604Z"}
{"level":"info","message":"Server run in port 3000.","timestamp":"2018-05-26T18:07:43.121Z"}
{"level":"info","message":"cluster conected 6140","timestamp":"2018-05-26T18:07:43.185Z"}
{"level":"info","message":"executed thread","timestamp":"2018-05-26T18:07:42.584Z"}
{"level":"info","message":"thread slave","timestamp":"2018-05-26T18:07:42.598Z"}
{"level":"info","message":"Server run in port 3000.","timestamp":"2018-05-26T18:07:43.183Z"}
[{"id":1,"name":"teste","description":"teste"}]
[{"id":1,"name":"teste","description":"teste"}]
[{"id":1,"name":"teste","description":"teste"}]
[{"id":1,"name":"teste","description":"teste"}]
{"level":"info","message":"cluster 9776 disconnected","timestamp":"2018-05-26T18:08:27.049Z"}
{"level":"info","message":"cluster 6140 disconnected","timestamp":"2018-05-26T18:08:27.069Z"}
{"level":"info","message":"executed thread","timestamp":"2018-05-26T18:08:27.435Z"}
{"level":"info","message":"thread master","timestamp":"2018-05-26T18:08:27.436Z"}
{"level":"info","message":"cluster conected 6464","timestamp":"2018-05-26T18:08:28.596Z"}
{"level":"info","message":"executed thread","timestamp":"2018-05-26T18:08:27.965Z"}
{"level":"info","message":"thread slave","timestamp":"2018-05-26T18:08:27.967Z"}
{"level":"info","message":"Server run in port 3000.","timestamp":"2018-05-26T18:08:28.594Z"}
{"level":"info","message":"executed thread","timestamp":"2018-05-26T18:08:28.018Z"}
{"level":"info","message":"executed thread","timestamp":"2018-05-26T18:08:27.969Z"}
{"level":"info","message":"thread slave","timestamp":"2018-05-26T18:08:28.023Z"}
{"level":"info","message":"Server run in port 3000.","timestamp":"2018-05-26T18:08:28.606Z"}
{"level":"info","message":"thread slave","timestamp":"2018-05-26T18:08:27.971Z"}
{"level":"info","message":"cluster conected 13136","timestamp":"2018-05-26T18:08:28.612Z"}
{"level":"info","message":"cluster conected 11484","timestamp":"2018-05-26T18:08:28.613Z"}
{"level":"info","message":"Server run in port 3000.","timestamp":"2018-05-26T18:08:28.608Z"}
{"level":"info","message":"cluster conected 8444","timestamp":"2018-05-26T18:08:28.625Z"}
{"level":"info","message":"executed thread","timestamp":"2018-05-26T18:08:28.006Z"}
{"level":"info","message":"thread slave","timestamp":"2018-05-26T18:08:28.013Z"}
{"level":"info","message":"Server run in port 3000.","timestamp":"2018-05-26T18:08:28.623Z"}
{"level":"info","message":"GET /teste/","timestamp":"2018-05-26T18:08:49.118Z"}
{"level":"info","message":"::1 - - [26/May/2018:18:08:49 +0000] \"GET /teste/ HTTP/1.1\" 500 2 \"-\" \"PostmanRuntime/7.1.1\"\n","timestamp":"2018-05-26T18:08:49.120Z"}
{"level":"info","message":"executed thread","timestamp":"2018-05-26T18:09:05.372Z"}
{"level":"info","message":"thread master","timestamp":"2018-05-26T18:09:05.377Z"}
{"level":"info","message":"cluster conected 14192","timestamp":"2018-05-26T18:09:06.458Z"}
{"level":"info","message":"executed thread","timestamp":"2018-05-26T18:09:05.997Z"}
{"level":"info","message":"thread slave","timestamp":"2018-05-26T18:09:06.004Z"}
{"level":"info","message":"Server run in port 3000.","timestamp":"2018-05-26T18:09:06.454Z"}
{"level":"info","message":"executed thread","timestamp":"2018-05-26T18:09:05.920Z"}
{"level":"info","message":"thread slave","timestamp":"2018-05-26T18:09:05.934Z"}
{"level":"info","message":"cluster conected 10936","timestamp":"2018-05-26T18:09:06.461Z"}
{"level":"info","message":"Server run in port 3000.","timestamp":"2018-05-26T18:09:06.455Z"}
{"level":"info","message":"cluster conected 8004","timestamp":"2018-05-26T18:09:06.463Z"}
{"level":"info","message":"executed thread","timestamp":"2018-05-26T18:09:05.936Z"}
{"level":"info","message":"thread slave","timestamp":"2018-05-26T18:09:05.938Z"}
{"level":"info","message":"Server run in port 3000.","timestamp":"2018-05-26T18:09:06.459Z"}
{"level":"info","message":"executed thread","timestamp":"2018-05-26T18:09:06.038Z"}
{"level":"info","message":"thread slave","timestamp":"2018-05-26T18:09:06.052Z"}
{"level":"info","message":"Server run in port 3000.","timestamp":"2018-05-26T18:09:06.504Z"}
{"level":"info","message":"cluster conected 8992","timestamp":"2018-05-26T18:09:06.516Z"}
{"level":"info","message":"GET /teste/","timestamp":"2018-05-26T18:09:37.730Z"}
{"level":"info","message":"::1 - - [26/May/2018:18:09:37 +0000] \"GET /teste/ HTTP/1.1\" 500 2 \"-\" \"PostmanRuntime/7.1.1\"\n","timestamp":"2018-05-26T18:09:37.731Z"}
{"level":"info","message":"executed thread","timestamp":"2018-05-26T18:17:15.342Z"}
{"level":"info","message":"thread master","timestamp":"2018-05-26T18:17:15.347Z"}
{"level":"info","message":"cluster conected 13820","timestamp":"2018-05-26T18:17:16.269Z"}
{"level":"info","message":"cluster conected 5816","timestamp":"2018-05-26T18:17:16.273Z"}
{"level":"info","message":"cluster conected 12300","timestamp":"2018-05-26T18:17:16.273Z"}
{"level":"info","message":"executed thread","timestamp":"2018-05-26T18:17:15.734Z"}
{"level":"info","message":"thread slave","timestamp":"2018-05-26T18:17:15.747Z"}
{"level":"info","message":"Server run in port 3000.","timestamp":"2018-05-26T18:17:16.268Z"}
{"level":"info","message":"Server run in port 3000.","timestamp":"2018-05-26T18:17:16.272Z"}
{"level":"info","message":"executed thread","timestamp":"2018-05-26T18:17:15.749Z"}
{"level":"info","message":"thread slave","timestamp":"2018-05-26T18:17:15.751Z"}
{"level":"info","message":"Server run in port 3000.","timestamp":"2018-05-26T18:17:16.272Z"}
{"level":"info","message":"executed thread","timestamp":"2018-05-26T18:17:15.749Z"}
{"level":"info","message":"thread slave","timestamp":"2018-05-26T18:17:15.750Z"}
{"level":"info","message":"cluster conected 10588","timestamp":"2018-05-26T18:17:16.296Z"}
{"level":"info","message":"executed thread","timestamp":"2018-05-26T18:17:15.734Z"}
{"level":"info","message":"thread slave","timestamp":"2018-05-26T18:17:15.738Z"}
{"level":"info","message":"Server run in port 3000.","timestamp":"2018-05-26T18:17:16.295Z"}
{"level":"info","message":"GET /teste/","timestamp":"2018-05-26T18:17:21.113Z"}
{"level":"info","message":"::1 - - [26/May/2018:18:17:21 +0000] \"GET /teste/ HTTP/1.1\" 500 2 \"-\" \"PostmanRuntime/7.1.1\"\n","timestamp":"2018-05-26T18:17:21.114Z"}
{"level":"info","message":"GET /teste/","timestamp":"2018-05-26T18:17:23.194Z"}
{"level":"info","message":"::1 - - [26/May/2018:18:17:23 +0000] \"GET /teste/ HTTP/1.1\" 500 2 \"-\" \"PostmanRuntime/7.1.1\"\n","timestamp":"2018-05-26T18:17:23.198Z"}
{"level":"info","message":"executed thread","timestamp":"2018-05-26T18:17:29.784Z"}
{"level":"info","message":"thread master","timestamp":"2018-05-26T18:17:29.787Z"}
{"level":"info","message":"cluster conected 5380","timestamp":"2018-05-26T18:17:30.795Z"}
{"level":"info","message":"executed thread","timestamp":"2018-05-26T18:17:30.249Z"}
{"level":"info","message":"thread slave","timestamp":"2018-05-26T18:17:30.253Z"}
{"level":"info","message":"Server run in port 3000.","timestamp":"2018-05-26T18:17:30.793Z"}
{"level":"info","message":"cluster conected 14612","timestamp":"2018-05-26T18:17:30.819Z"}
{"level":"info","message":"cluster conected 14680","timestamp":"2018-05-26T18:17:30.821Z"}
{"level":"info","message":"executed thread","timestamp":"2018-05-26T18:17:30.282Z"}
{"level":"info","message":"thread slave","timestamp":"2018-05-26T18:17:30.299Z"}
{"level":"info","message":"executed thread","timestamp":"2018-05-26T18:17:30.235Z"}
{"level":"info","message":"thread slave","timestamp":"2018-05-26T18:17:30.236Z"}
{"level":"info","message":"Server run in port 3000.","timestamp":"2018-05-26T18:17:30.817Z"}
{"level":"info","message":"Server run in port 3000.","timestamp":"2018-05-26T18:17:30.819Z"}
{"level":"info","message":"cluster conected 15180","timestamp":"2018-05-26T18:17:30.838Z"}
{"level":"info","message":"executed thread","timestamp":"2018-05-26T18:17:30.248Z"}
{"level":"info","message":"thread slave","timestamp":"2018-05-26T18:17:30.251Z"}
{"level":"info","message":"cluster 14612 disconnected","timestamp":"2018-05-26T18:17:30.865Z"}
{"level":"info","message":"executed thread","timestamp":"2018-05-26T18:17:31.159Z"}
{"level":"info","message":"thread master","timestamp":"2018-05-26T18:17:31.160Z"}
{"level":"info","message":"executed thread","timestamp":"2018-05-26T18:17:31.624Z"}
{"level":"info","message":"thread slave","timestamp":"2018-05-26T18:17:31.625Z"}
{"level":"info","message":"Server run in port 3000.","timestamp":"2018-05-26T18:17:32.079Z"}
{"level":"info","message":"cluster conected 16348","timestamp":"2018-05-26T18:17:32.083Z"}
{"level":"info","message":"executed thread","timestamp":"2018-05-26T18:17:31.615Z"}
{"level":"info","message":"cluster conected 15148","timestamp":"2018-05-26T18:17:32.095Z"}
{"level":"info","message":"thread slave","timestamp":"2018-05-26T18:17:31.618Z"}
{"level":"info","message":"Server run in port 3000.","timestamp":"2018-05-26T18:17:32.095Z"}
{"level":"info","message":"cluster conected 9404","timestamp":"2018-05-26T18:17:32.109Z"}
{"level":"info","message":"executed thread","timestamp":"2018-05-26T18:17:31.611Z"}
{"level":"info","message":"thread slave","timestamp":"2018-05-26T18:17:31.615Z"}
{"level":"info","message":"Server run in port 3000.","timestamp":"2018-05-26T18:17:32.109Z"}
{"level":"info","message":"cluster conected 12256","timestamp":"2018-05-26T18:17:32.145Z"}
{"level":"info","message":"executed thread","timestamp":"2018-05-26T18:17:31.630Z"}
{"level":"info","message":"thread slave","timestamp":"2018-05-26T18:17:31.636Z"}
{"level":"info","message":"Server run in port 3000.","timestamp":"2018-05-26T18:17:32.143Z"}
{"level":"info","message":"GET /teste/","timestamp":"2018-05-26T18:17:35.918Z"}
{"level":"info","message":"::1 - - [26/May/2018:18:17:35 +0000] \"GET /teste/ HTTP/1.1\" 500 2 \"-\" \"PostmanRuntime/7.1.1\"\n","timestamp":"2018-05-26T18:17:35.919Z"}
{"level":"info","message":"executed thread","timestamp":"2018-05-26T18:18:04.248Z"}
{"level":"info","message":"thread master","timestamp":"2018-05-26T18:18:04.249Z"}
{"level":"info","message":"executed thread","timestamp":"2018-05-26T18:18:04.738Z"}
{"level":"info","message":"thread slave","timestamp":"2018-05-26T18:18:04.743Z"}
{"level":"info","message":"cluster conected 7068","timestamp":"2018-05-26T18:18:05.278Z"}
{"level":"info","message":"Server run in port 3000.","timestamp":"2018-05-26T18:18:05.276Z"}
{"level":"info","message":"cluster conected 940","timestamp":"2018-05-26T18:18:05.299Z"}
{"level":"info","message":"executed thread","timestamp":"2018-05-26T18:18:04.746Z"}
{"level":"info","message":"thread slave","timestamp":"2018-05-26T18:18:04.748Z"}
{"level":"info","message":"Server run in port 3000.","timestamp":"2018-05-26T18:18:05.297Z"}
{"level":"info","message":"cluster conected 13024","timestamp":"2018-05-26T18:18:05.310Z"}
{"level":"info","message":"executed thread","timestamp":"2018-05-26T18:18:04.745Z"}
{"level":"info","message":"Server run in port 3000.","timestamp":"2018-05-26T18:18:05.309Z"}
{"level":"info","message":"thread slave","timestamp":"2018-05-26T18:18:04.746Z"}
{"level":"info","message":"cluster conected 15652","timestamp":"2018-05-26T18:18:05.320Z"}
{"level":"info","message":"executed thread","timestamp":"2018-05-26T18:18:04.766Z"}
{"level":"info","message":"Server run in port 3000.","timestamp":"2018-05-26T18:18:05.313Z"}
{"level":"info","message":"thread slave","timestamp":"2018-05-26T18:18:04.771Z"}
{"level":"info","message":"GET /teste/","timestamp":"2018-05-26T18:18:06.749Z"}
{"level":"info","message":"::1 - - [26/May/2018:18:18:06 +0000] \"GET /teste/ HTTP/1.1\" 500 2 \"-\" \"PostmanRuntime/7.1.1\"\n","timestamp":"2018-05-26T18:18:06.750Z"}
{"level":"info","message":"GET /teste/","timestamp":"2018-05-26T18:18:08.938Z"}
{"level":"info","message":"::1 - - [26/May/2018:18:18:08 +0000] \"GET /teste/ HTTP/1.1\" 500 2 \"-\" \"PostmanRuntime/7.1.1\"\n","timestamp":"2018-05-26T18:18:08.938Z"}
{"level":"info","message":"executed thread","timestamp":"2018-05-26T18:18:14.991Z"}
{"level":"info","message":"thread master","timestamp":"2018-05-26T18:18:14.992Z"}
{"level":"info","message":"cluster conected 9704","timestamp":"2018-05-26T18:18:15.930Z"}
{"level":"info","message":"executed thread","timestamp":"2018-05-26T18:18:15.401Z"}
{"level":"info","message":"thread slave","timestamp":"2018-05-26T18:18:15.405Z"}
{"level":"info","message":"Server run in port 3000.","timestamp":"2018-05-26T18:18:15.930Z"}
{"level":"info","message":"cluster conected 14468","timestamp":"2018-05-26T18:18:15.957Z"}
{"level":"info","message":"executed thread","timestamp":"2018-05-26T18:18:15.413Z"}
{"level":"info","message":"thread slave","timestamp":"2018-05-26T18:18:15.415Z"}
{"level":"info","message":"Server run in port 3000.","timestamp":"2018-05-26T18:18:15.958Z"}
{"level":"info","message":"cluster conected 16304","timestamp":"2018-05-26T18:18:15.985Z"}
{"level":"info","message":"executed thread","timestamp":"2018-05-26T18:18:15.427Z"}
{"level":"info","message":"thread slave","timestamp":"2018-05-26T18:18:15.430Z"}
{"level":"info","message":"Server run in port 3000.","timestamp":"2018-05-26T18:18:15.985Z"}
{"level":"info","message":"cluster conected 1836","timestamp":"2018-05-26T18:18:16.000Z"}
{"level":"info","message":"executed thread","timestamp":"2018-05-26T18:18:15.450Z"}
{"level":"info","message":"thread slave","timestamp":"2018-05-26T18:18:15.453Z"}
{"level":"info","message":"Server run in port 3000.","timestamp":"2018-05-26T18:18:16.000Z"}
{"level":"info","message":"GET /teste/","timestamp":"2018-05-26T18:18:17.177Z"}
{"level":"info","message":"::1 - - [26/May/2018:18:18:17 +0000] \"GET /teste/ HTTP/1.1\" 200 47 \"-\" \"PostmanRuntime/7.1.1\"\n","timestamp":"2018-05-26T18:18:17.178Z"}
{"level":"info","message":"executed thread","timestamp":"2018-05-26T18:18:35.251Z"}
{"level":"info","message":"thread master","timestamp":"2018-05-26T18:18:35.254Z"}
{"level":"info","message":"cluster conected 10724","timestamp":"2018-05-26T18:18:36.226Z"}
{"level":"info","message":"cluster conected 2312","timestamp":"2018-05-26T18:18:36.227Z"}
{"level":"info","message":"executed thread","timestamp":"2018-05-26T18:18:35.683Z"}
{"level":"info","message":"executed thread","timestamp":"2018-05-26T18:18:35.715Z"}
{"level":"info","message":"thread slave","timestamp":"2018-05-26T18:18:35.685Z"}
{"level":"info","message":"thread slave","timestamp":"2018-05-26T18:18:35.724Z"}
{"level":"info","message":"Server run in port 3000.","timestamp":"2018-05-26T18:18:36.225Z"}
{"level":"info","message":"Server run in port 3000.","timestamp":"2018-05-26T18:18:36.226Z"}
{"level":"info","message":"cluster conected 12720","timestamp":"2018-05-26T18:18:36.262Z"}
{"level":"info","message":"executed thread","timestamp":"2018-05-26T18:18:35.744Z"}
{"level":"info","message":"thread slave","timestamp":"2018-05-26T18:18:35.748Z"}
{"level":"info","message":"Server run in port 3000.","timestamp":"2018-05-26T18:18:36.261Z"}
{"level":"info","message":"cluster conected 10588","timestamp":"2018-05-26T18:18:36.291Z"}
{"level":"info","message":"executed thread","timestamp":"2018-05-26T18:18:35.746Z"}
{"level":"info","message":"thread slave","timestamp":"2018-05-26T18:18:35.749Z"}
{"level":"info","message":"Server run in port 3000.","timestamp":"2018-05-26T18:18:36.290Z"}
{"level":"info","message":"GET /teste/","timestamp":"2018-05-26T18:18:39.503Z"}
{"level":"info","message":"::1 - - [26/May/2018:18:18:39 +0000] \"GET /teste/ HTTP/1.1\" 500 2 \"-\" \"PostmanRuntime/7.1.1\"\n","timestamp":"2018-05-26T18:18:39.505Z"}
{"level":"info","message":"executed thread","timestamp":"2018-05-26T18:18:43.817Z"}
{"level":"info","message":"thread master","timestamp":"2018-05-26T18:18:43.819Z"}
{"level":"info","message":"executed thread","timestamp":"2018-05-26T18:18:44.275Z"}
{"level":"info","message":"thread slave","timestamp":"2018-05-26T18:18:44.277Z"}
{"level":"info","message":"cluster conected 8464","timestamp":"2018-05-26T18:18:44.806Z"}
{"level":"info","message":"Server run in port 3000.","timestamp":"2018-05-26T18:18:44.805Z"}
{"level":"info","message":"executed thread","timestamp":"2018-05-26T18:18:44.275Z"}
{"level":"info","message":"cluster conected 15384","timestamp":"2018-05-26T18:18:44.814Z"}
{"level":"info","message":"thread slave","timestamp":"2018-05-26T18:18:44.280Z"}
{"level":"info","message":"Server run in port 3000.","timestamp":"2018-05-26T18:18:44.810Z"}
{"level":"info","message":"cluster conected 9352","timestamp":"2018-05-26T18:18:44.828Z"}
{"level":"info","message":"executed thread","timestamp":"2018-05-26T18:18:44.264Z"}
{"level":"info","message":"thread slave","timestamp":"2018-05-26T18:18:44.269Z"}
{"level":"info","message":"Server run in port 3000.","timestamp":"2018-05-26T18:18:44.829Z"}
{"level":"info","message":"cluster conected 9056","timestamp":"2018-05-26T18:18:44.886Z"}
{"level":"info","message":"executed thread","timestamp":"2018-05-26T18:18:44.317Z"}
{"level":"info","message":"thread slave","timestamp":"2018-05-26T18:18:44.322Z"}
{"level":"info","message":"Server run in port 3000.","timestamp":"2018-05-26T18:18:44.885Z"}
{"level":"info","message":"GET /teste/","timestamp":"2018-05-26T18:18:46.702Z"}
{"level":"info","message":"::1 - - [26/May/2018:18:18:46 +0000] \"GET /teste/ HTTP/1.1\" 200 47 \"-\" \"PostmanRuntime/7.1.1\"\n","timestamp":"2018-05-26T18:18:46.704Z"}
{"level":"info","message":"executed thread","timestamp":"2018-05-26T18:19:06.035Z"}
{"level":"info","message":"thread master","timestamp":"2018-05-26T18:19:06.036Z"}
{"level":"info","message":"cluster 15252 disconnected","timestamp":"2018-05-26T18:19:06.958Z"}
{"level":"info","message":"cluster 15512 disconnected","timestamp":"2018-05-26T18:19:06.996Z"}
{"level":"info","message":"cluster 14588 disconnected","timestamp":"2018-05-26T18:19:07.092Z"}
{"level":"info","message":"cluster 4444 disconnected","timestamp":"2018-05-26T18:19:07.142Z"}
{"level":"info","message":"cluster 16364 disconnected","timestamp":"2018-05-26T18:19:08.214Z"}
{"level":"info","message":"cluster 15804 disconnected","timestamp":"2018-05-26T18:19:08.257Z"}
{"level":"info","message":"cluster 15372 disconnected","timestamp":"2018-05-26T18:19:08.313Z"}
{"level":"info","message":"cluster 2060 disconnected","timestamp":"2018-05-26T18:19:08.348Z"}
{"level":"info","message":"cluster 6916 disconnected","timestamp":"2018-05-26T18:19:09.228Z"}
{"level":"info","message":"cluster 2612 disconnected","timestamp":"2018-05-26T18:19:09.234Z"}
{"level":"info","message":"cluster 15636 disconnected","timestamp":"2018-05-26T18:19:09.245Z"}
{"level":"info","message":"cluster 15176 disconnected","timestamp":"2018-05-26T18:19:09.251Z"}
{"level":"info","message":"cluster 12544 disconnected","timestamp":"2018-05-26T18:19:10.471Z"}
{"level":"info","message":"cluster 14720 disconnected","timestamp":"2018-05-26T18:19:10.481Z"}
{"level":"info","message":"cluster 13192 disconnected","timestamp":"2018-05-26T18:19:10.496Z"}
{"level":"info","message":"cluster 8044 disconnected","timestamp":"2018-05-26T18:19:11.323Z"}
{"level":"info","message":"cluster 11200 disconnected","timestamp":"2018-05-26T18:19:12.144Z"}
{"level":"info","message":"cluster 6904 disconnected","timestamp":"2018-05-26T18:19:12.149Z"}
{"level":"info","message":"cluster 7868 disconnected","timestamp":"2018-05-26T18:19:12.164Z"}
{"level":"info","message":"cluster 12736 disconnected","timestamp":"2018-05-26T18:19:12.492Z"}
{"level":"info","message":"executed thread","timestamp":"2018-05-26T18:19:12.625Z"}
{"level":"info","message":"thread slave","timestamp":"2018-05-26T18:19:12.626Z"}
{"level":"info","message":"Server run in port 3000.","timestamp":"2018-05-26T18:19:13.299Z"}
{"level":"info","message":"cluster conected 2876","timestamp":"2018-05-26T18:19:13.309Z"}
{"level":"info","message":"executed thread","timestamp":"2018-05-26T18:19:13.606Z"}
{"level":"info","message":"thread master","timestamp":"2018-05-26T18:19:13.606Z"}
{"level":"info","message":"executed thread","timestamp":"2018-05-26T18:19:14.001Z"}
{"level":"info","message":"cluster conected 14736","timestamp":"2018-05-26T18:19:14.561Z"}
{"level":"info","message":"thread slave","timestamp":"2018-05-26T18:19:14.013Z"}
{"level":"info","message":"Server run in port 3000.","timestamp":"2018-05-26T18:19:14.560Z"}
{"level":"info","message":"cluster conected 13660","timestamp":"2018-05-26T18:19:14.596Z"}
{"level":"info","message":"executed thread","timestamp":"2018-05-26T18:19:14.013Z"}
{"level":"info","message":"thread slave","timestamp":"2018-05-26T18:19:14.017Z"}
{"level":"info","message":"Server run in port 3000.","timestamp":"2018-05-26T18:19:14.594Z"}
{"level":"info","message":"cluster conected 7904","timestamp":"2018-05-26T18:19:14.602Z"}
{"level":"info","message":"executed thread","timestamp":"2018-05-26T18:19:14.003Z"}
{"level":"info","message":"thread slave","timestamp":"2018-05-26T18:19:14.010Z"}
{"level":"info","message":"Server run in port 3000.","timestamp":"2018-05-26T18:19:14.600Z"}
{"level":"info","message":"cluster conected 8936","timestamp":"2018-05-26T18:19:14.676Z"}
{"level":"info","message":"executed thread","timestamp":"2018-05-26T18:19:14.107Z"}
{"level":"info","message":"thread slave","timestamp":"2018-05-26T18:19:14.108Z"}
{"level":"info","message":"Server run in port 3000.","timestamp":"2018-05-26T18:19:14.676Z"}
{"level":"info","message":"cluster 14736 disconnected","timestamp":"2018-05-26T18:21:11.048Z"}
{"level":"info","message":"cluster 13660 disconnected","timestamp":"2018-05-26T18:21:11.064Z"}
{"level":"info","message":"cluster 8936 disconnected","timestamp":"2018-05-26T18:21:11.071Z"}
{"level":"info","message":"executed thread","timestamp":"2018-05-26T18:21:11.386Z"}
{"level":"info","message":"thread master","timestamp":"2018-05-26T18:21:11.386Z"}
{"level":"info","message":"executed thread","timestamp":"2018-05-26T18:21:11.798Z"}
{"level":"info","message":"thread slave","timestamp":"2018-05-26T18:21:11.804Z"}
{"level":"info","message":"Server run in port 3000.","timestamp":"2018-05-26T18:21:12.288Z"}
{"level":"info","message":"cluster conected 13040","timestamp":"2018-05-26T18:21:12.294Z"}
{"level":"info","message":"executed thread","timestamp":"2018-05-26T18:21:11.804Z"}
{"level":"info","message":"thread slave","timestamp":"2018-05-26T18:21:11.808Z"}
{"level":"info","message":"cluster conected 13740","timestamp":"2018-05-26T18:21:12.297Z"}
{"level":"info","message":"Server run in port 3000.","timestamp":"2018-05-26T18:21:12.295Z"}
{"level":"info","message":"cluster conected 6108","timestamp":"2018-05-26T18:21:12.310Z"}
{"level":"info","message":"executed thread","timestamp":"2018-05-26T18:21:11.799Z"}
{"level":"info","message":"thread slave","timestamp":"2018-05-26T18:21:11.805Z"}
{"level":"info","message":"Server run in port 3000.","timestamp":"2018-05-26T18:21:12.308Z"}
{"level":"info","message":"cluster conected 10868","timestamp":"2018-05-26T18:21:12.387Z"}
{"level":"info","message":"executed thread","timestamp":"2018-05-26T18:21:11.780Z"}
{"level":"info","message":"thread slave","timestamp":"2018-05-26T18:21:11.796Z"}
{"level":"info","message":"Server run in port 3000.","timestamp":"2018-05-26T18:21:12.385Z"}
{"level":"info","message":"executed thread","timestamp":"2018-05-26T18:21:34.875Z"}
{"level":"info","message":"thread master","timestamp":"2018-05-26T18:21:34.882Z"}
{"level":"info","message":"cluster conected 10880","timestamp":"2018-05-26T18:21:36.146Z"}
{"level":"info","message":"executed thread","timestamp":"2018-05-26T18:21:35.454Z"}
{"level":"info","message":"thread slave","timestamp":"2018-05-26T18:21:35.470Z"}
{"level":"info","message":"Server run in port 3000.","timestamp":"2018-05-26T18:21:36.145Z"}
{"level":"info","message":"cluster conected 3464","timestamp":"2018-05-26T18:21:36.244Z"}
{"level":"info","message":"executed thread","timestamp":"2018-05-26T18:21:35.441Z"}
{"level":"info","message":"thread slave","timestamp":"2018-05-26T18:21:35.454Z"}
{"level":"info","message":"Server run in port 3000.","timestamp":"2018-05-26T18:21:36.244Z"}
{"level":"info","message":"cluster conected 1720","timestamp":"2018-05-26T18:21:36.271Z"}
{"level":"info","message":"executed thread","timestamp":"2018-05-26T18:21:35.515Z"}
{"level":"info","message":"thread slave","timestamp":"2018-05-26T18:21:35.518Z"}
{"level":"info","message":"Server run in port 3000.","timestamp":"2018-05-26T18:21:36.270Z"}
{"level":"info","message":"cluster conected 2880","timestamp":"2018-05-26T18:21:36.301Z"}
{"level":"info","message":"executed thread","timestamp":"2018-05-26T18:21:35.512Z"}
{"level":"info","message":"thread slave","timestamp":"2018-05-26T18:21:35.514Z"}
{"level":"info","message":"Server run in port 3000.","timestamp":"2018-05-26T18:21:36.300Z"}
{"level":"info","message":"executed thread","timestamp":"2018-05-26T18:22:07.307Z"}
{"level":"info","message":"thread master","timestamp":"2018-05-26T18:22:07.309Z"}
{"level":"info","message":"cluster conected 12696","timestamp":"2018-05-26T18:22:08.822Z"}
{"level":"info","message":"executed thread","timestamp":"2018-05-26T18:22:07.716Z"}
{"level":"info","message":"thread slave","timestamp":"2018-05-26T18:22:07.717Z"}
{"level":"info","message":"Server run in port 3000.","timestamp":"2018-05-26T18:22:08.820Z"}
{"level":"info","message":"cluster conected 16308","timestamp":"2018-05-26T18:22:08.827Z"}
{"level":"info","message":"executed thread","timestamp":"2018-05-26T18:22:07.720Z"}
{"level":"info","message":"thread slave","timestamp":"2018-05-26T18:22:07.725Z"}
{"level":"info","message":"Server run in port 3000.","timestamp":"2018-05-26T18:22:08.826Z"}
{"level":"info","message":"cluster conected 14984","timestamp":"2018-05-26T18:22:08.853Z"}
{"level":"info","message":"executed thread","timestamp":"2018-05-26T18:22:07.716Z"}
{"level":"info","message":"thread slave","timestamp":"2018-05-26T18:22:07.717Z"}
{"level":"info","message":"Server run in port 3000.","timestamp":"2018-05-26T18:22:08.853Z"}
{"level":"info","message":"cluster conected 6100","timestamp":"2018-05-26T18:22:08.899Z"}
{"level":"info","message":"executed thread","timestamp":"2018-05-26T18:22:07.769Z"}
{"level":"info","message":"thread slave","timestamp":"2018-05-26T18:22:07.774Z"}
{"level":"info","message":"Server run in port 3000.","timestamp":"2018-05-26T18:22:08.898Z"}
{"level":"info","message":"executed thread","timestamp":"2018-05-26T18:25:29.964Z"}
{"level":"info","message":"thread master","timestamp":"2018-05-26T18:25:29.964Z"}
{"level":"info","message":"cluster conected 8932","timestamp":"2018-05-26T18:25:31.097Z"}
{"level":"info","message":"executed thread","timestamp":"2018-05-26T18:25:30.350Z"}
{"level":"info","message":"Server run in port 3000.","timestamp":"2018-05-26T18:25:31.096Z"}
{"level":"info","message":"thread slave","timestamp":"2018-05-26T18:25:30.351Z"}
{"level":"info","message":"cluster conected 15856","timestamp":"2018-05-26T18:25:31.127Z"}
{"level":"info","message":"executed thread","timestamp":"2018-05-26T18:25:30.344Z"}
{"level":"info","message":"thread slave","timestamp":"2018-05-26T18:25:30.347Z"}
{"level":"info","message":"Server run in port 3000.","timestamp":"2018-05-26T18:25:31.126Z"}
{"level":"info","message":"cluster conected 5256","timestamp":"2018-05-26T18:25:31.196Z"}
{"level":"info","message":"executed thread","timestamp":"2018-05-26T18:25:30.350Z"}
{"level":"info","message":"thread slave","timestamp":"2018-05-26T18:25:30.352Z"}
{"level":"info","message":"Server run in port 3000.","timestamp":"2018-05-26T18:25:31.194Z"}
{"level":"info","message":"cluster conected 8388","timestamp":"2018-05-26T18:25:31.205Z"}
{"level":"info","message":"executed thread","timestamp":"2018-05-26T18:25:30.350Z"}
{"level":"info","message":"thread slave","timestamp":"2018-05-26T18:25:30.351Z"}
{"level":"info","message":"Server run in port 3000.","timestamp":"2018-05-26T18:25:31.201Z"}
{"level":"info","message":"executed thread","timestamp":"2018-05-26T18:25:36.334Z"}
{"level":"info","message":"thread master","timestamp":"2018-05-26T18:25:36.334Z"}
{"level":"info","message":"cluster conected 15472","timestamp":"2018-05-26T18:25:37.910Z"}
{"level":"info","message":"executed thread","timestamp":"2018-05-26T18:25:37.006Z"}
{"level":"info","message":"thread slave","timestamp":"2018-05-26T18:25:37.013Z"}
{"level":"info","message":"Server run in port 3000.","timestamp":"2018-05-26T18:25:37.908Z"}
{"level":"info","message":"cluster conected 15492","timestamp":"2018-05-26T18:25:37.933Z"}
{"level":"info","message":"executed thread","timestamp":"2018-05-26T18:25:36.903Z"}
{"level":"info","message":"thread slave","timestamp":"2018-05-26T18:25:36.910Z"}
{"level":"info","message":"Server run in port 3000.","timestamp":"2018-05-26T18:25:37.932Z"}
{"level":"info","message":"cluster conected 15140","timestamp":"2018-05-26T18:25:37.981Z"}
{"level":"info","message":"executed thread","timestamp":"2018-05-26T18:25:36.962Z"}
{"level":"info","message":"thread slave","timestamp":"2018-05-26T18:25:36.987Z"}
{"level":"info","message":"Server run in port 3000.","timestamp":"2018-05-26T18:25:37.980Z"}
{"level":"info","message":"cluster conected 15180","timestamp":"2018-05-26T18:25:38.020Z"}
{"level":"info","message":"executed thread","timestamp":"2018-05-26T18:25:36.972Z"}
{"level":"info","message":"thread slave","timestamp":"2018-05-26T18:25:36.988Z"}
{"level":"info","message":"Server run in port 3000.","timestamp":"2018-05-26T18:25:38.019Z"}
{"level":"info","message":"executed thread","timestamp":"2018-05-26T18:25:52.441Z"}
{"level":"info","message":"thread master","timestamp":"2018-05-26T18:25:52.442Z"}
{"level":"info","message":"executed thread","timestamp":"2018-05-26T18:25:52.819Z"}
{"level":"info","message":"thread slave","timestamp":"2018-05-26T18:25:52.820Z"}
{"level":"info","message":"Server run in port 3000.","timestamp":"2018-05-26T18:25:53.556Z"}
{"level":"info","message":"cluster conected 3468","timestamp":"2018-05-26T18:25:53.560Z"}
{"level":"info","message":"cluster conected 13024","timestamp":"2018-05-26T18:25:53.572Z"}
{"level":"info","message":"executed thread","timestamp":"2018-05-26T18:25:52.819Z"}
{"level":"info","message":"thread slave","timestamp":"2018-05-26T18:25:52.820Z"}
{"level":"info","message":"Server run in port 3000.","timestamp":"2018-05-26T18:25:53.571Z"}
{"level":"info","message":"executed thread","timestamp":"2018-05-26T18:25:52.831Z"}
{"level":"info","message":"thread slave","timestamp":"2018-05-26T18:25:52.832Z"}
{"level":"info","message":"Server run in port 3000.","timestamp":"2018-05-26T18:25:53.689Z"}
{"level":"info","message":"cluster conected 11096","timestamp":"2018-05-26T18:25:53.696Z"}
{"level":"info","message":"cluster conected 11624","timestamp":"2018-05-26T18:25:53.736Z"}
{"level":"info","message":"executed thread","timestamp":"2018-05-26T18:25:52.850Z"}
{"level":"info","message":"thread slave","timestamp":"2018-05-26T18:25:52.860Z"}
{"level":"info","message":"Server run in port 3000.","timestamp":"2018-05-26T18:25:53.735Z"}
{"level":"info","message":"executed thread","timestamp":"2018-05-26T18:30:44.016Z"}
{"level":"info","message":"thread master","timestamp":"2018-05-26T18:30:44.016Z"}
{"level":"info","message":"executed thread","timestamp":"2018-05-26T18:31:36.374Z"}
{"level":"info","message":"thread master","timestamp":"2018-05-26T18:31:36.375Z"}
{"level":"info","message":"executed thread","timestamp":"2018-05-26T18:31:42.162Z"}
{"level":"info","message":"thread master","timestamp":"2018-05-26T18:31:42.164Z"}
{"level":"info","message":"executed thread","timestamp":"2018-05-26T18:31:42.535Z"}
{"level":"info","message":"thread slave","timestamp":"2018-05-26T18:31:42.536Z"}
{"level":"info","message":"Server run in port 3000.","timestamp":"2018-05-26T18:31:43.326Z"}
{"level":"info","message":"cluster conected 11320","timestamp":"2018-05-26T18:31:43.343Z"}
{"level":"info","message":"cluster conected 12988","timestamp":"2018-05-26T18:31:43.359Z"}
{"level":"info","message":"executed thread","timestamp":"2018-05-26T18:31:42.536Z"}
{"level":"info","message":"thread slave","timestamp":"2018-05-26T18:31:42.537Z"}
{"level":"info","message":"Server run in port 3000.","timestamp":"2018-05-26T18:31:43.358Z"}
{"level":"info","message":"cluster conected 15060","timestamp":"2018-05-26T18:31:43.434Z"}
{"level":"info","message":"executed thread","timestamp":"2018-05-26T18:31:42.564Z"}
{"level":"info","message":"thread slave","timestamp":"2018-05-26T18:31:42.568Z"}
{"level":"info","message":"Server run in port 3000.","timestamp":"2018-05-26T18:31:43.433Z"}
{"level":"info","message":"cluster conected 7620","timestamp":"2018-05-26T18:31:43.452Z"}
{"level":"info","message":"executed thread","timestamp":"2018-05-26T18:31:42.586Z"}
{"level":"info","message":"thread slave","timestamp":"2018-05-26T18:31:42.587Z"}
{"level":"info","message":"Server run in port 3000.","timestamp":"2018-05-26T18:31:43.449Z"}
{"level":"info","message":"GET /teste/","timestamp":"2018-05-26T18:31:46.545Z"}
{"level":"info","message":"::1 - - [26/May/2018:18:31:46 +0000] \"GET /teste/ HTTP/1.1\" 404 145 \"-\" \"PostmanRuntime/7.1.1\"\n","timestamp":"2018-05-26T18:31:46.557Z"}
{"level":"info","message":"GET /value/","timestamp":"2018-05-26T18:31:55.267Z"}
{"level":"info","message":"::1 - - [26/May/2018:18:31:55 +0000] \"GET /value/ HTTP/1.1\" 200 16 \"-\" \"PostmanRuntime/7.1.1\"\n","timestamp":"2018-05-26T18:31:55.268Z"}
{"level":"info","message":"executed thread","timestamp":"2018-05-26T18:32:52.834Z"}
{"level":"info","message":"thread master","timestamp":"2018-05-26T18:32:52.834Z"}
{"level":"info","message":"cluster conected 14952","timestamp":"2018-05-26T18:32:54.188Z"}
{"level":"info","message":"executed thread","timestamp":"2018-05-26T18:32:53.270Z"}
{"level":"info","message":"thread slave","timestamp":"2018-05-26T18:32:53.275Z"}
{"level":"info","message":"Server run in port 3000.","timestamp":"2018-05-26T18:32:54.187Z"}
{"level":"info","message":"cluster conected 10388","timestamp":"2018-05-26T18:32:54.237Z"}
{"level":"info","message":"executed thread","timestamp":"2018-05-26T18:32:53.304Z"}
{"level":"info","message":"thread slave","timestamp":"2018-05-26T18:32:53.311Z"}
{"level":"info","message":"Server run in port 3000.","timestamp":"2018-05-26T18:32:54.236Z"}
{"level":"info","message":"cluster conected 13704","timestamp":"2018-05-26T18:32:54.252Z"}
{"level":"info","message":"executed thread","timestamp":"2018-05-26T18:32:53.298Z"}
{"level":"info","message":"thread slave","timestamp":"2018-05-26T18:32:53.304Z"}
{"level":"info","message":"Server run in port 3000.","timestamp":"2018-05-26T18:32:54.252Z"}
{"level":"info","message":"cluster conected 14432","timestamp":"2018-05-26T18:32:54.293Z"}
{"level":"info","message":"executed thread","timestamp":"2018-05-26T18:32:53.312Z"}
{"level":"info","message":"thread slave","timestamp":"2018-05-26T18:32:53.319Z"}
{"level":"info","message":"Server run in port 3000.","timestamp":"2018-05-26T18:32:54.293Z"}
{"level":"info","message":"GET /value/","timestamp":"2018-05-26T18:32:56.957Z"}
{"level":"info","message":"","timestamp":"2018-05-26T18:32:56.958Z"}
{"level":"info","message":"executed thread","timestamp":"2018-05-26T18:33:08.287Z"}
{"level":"info","message":"thread master","timestamp":"2018-05-26T18:33:08.289Z"}
{"level":"info","message":"executed thread","timestamp":"2018-05-26T18:33:08.689Z"}
{"level":"info","message":"thread slave","timestamp":"2018-05-26T18:33:08.692Z"}
{"level":"info","message":"cluster conected 5696","timestamp":"2018-05-26T18:33:09.525Z"}
{"level":"info","message":"Server run in port 3000.","timestamp":"2018-05-26T18:33:09.521Z"}
{"level":"info","message":"cluster conected 10924","timestamp":"2018-05-26T18:33:09.540Z"}
{"level":"info","message":"executed thread","timestamp":"2018-05-26T18:33:08.690Z"}
{"level":"info","message":"thread slave","timestamp":"2018-05-26T18:33:08.693Z"}
{"level":"info","message":"Server run in port 3000.","timestamp":"2018-05-26T18:33:09.539Z"}
{"level":"info","message":"cluster conected 5380","timestamp":"2018-05-26T18:33:09.575Z"}
{"level":"info","message":"executed thread","timestamp":"2018-05-26T18:33:08.690Z"}
{"level":"info","message":"thread slave","timestamp":"2018-05-26T18:33:08.694Z"}
{"level":"info","message":"Server run in port 3000.","timestamp":"2018-05-26T18:33:09.574Z"}
{"level":"info","message":"executed thread","timestamp":"2018-05-26T18:33:08.765Z"}
{"level":"info","message":"thread slave","timestamp":"2018-05-26T18:33:08.768Z"}
{"level":"info","message":"Server run in port 3000.","timestamp":"2018-05-26T18:33:09.622Z"}
{"level":"info","message":"cluster conected 15036","timestamp":"2018-05-26T18:33:09.631Z"}
{"level":"info","message":"executed thread","timestamp":"2018-05-26T18:33:22.382Z"}
{"level":"info","message":"thread master","timestamp":"2018-05-26T18:33:22.383Z"}
{"level":"info","message":"executed thread","timestamp":"2018-05-26T18:33:22.783Z"}
{"level":"info","message":"cluster conected 12096","timestamp":"2018-05-26T18:33:23.755Z"}
{"level":"info","message":"thread slave","timestamp":"2018-05-26T18:33:22.784Z"}
{"level":"info","message":"Server run in port 3000.","timestamp":"2018-05-26T18:33:23.754Z"}
{"level":"info","message":"cluster conected 7732","timestamp":"2018-05-26T18:33:23.897Z"}
{"level":"info","message":"executed thread","timestamp":"2018-05-26T18:33:22.801Z"}
{"level":"info","message":"thread slave","timestamp":"2018-05-26T18:33:22.804Z"}
{"level":"info","message":"Server run in port 3000.","timestamp":"2018-05-26T18:33:23.895Z"}
{"level":"info","message":"cluster conected 14748","timestamp":"2018-05-26T18:33:23.946Z"}
{"level":"info","message":"executed thread","timestamp":"2018-05-26T18:33:22.786Z"}
{"level":"info","message":"thread slave","timestamp":"2018-05-26T18:33:22.788Z"}
{"level":"info","message":"Server run in port 3000.","timestamp":"2018-05-26T18:33:23.946Z"}
{"level":"info","message":"cluster conected 15020","timestamp":"2018-05-26T18:33:23.966Z"}
{"level":"info","message":"executed thread","timestamp":"2018-05-26T18:33:22.822Z"}
{"level":"info","message":"thread slave","timestamp":"2018-05-26T18:33:22.827Z"}
{"level":"info","message":"Server run in port 3000.","timestamp":"2018-05-26T18:33:23.965Z"}
{"level":"info","message":"::1 - - [26/May/2018:18:33:26 +0000] \"GET /value/ HTTP/1.1\" 200 16 \"-\" \"PostmanRuntime/7.1.1\"\n","timestamp":"2018-05-26T18:33:26.619Z"}
{"level":"info","message":"::1 - - [26/May/2018:18:33:33 +0000] \"GET /teste/ HTTP/1.1\" 404 145 \"-\" \"PostmanRuntime/7.1.1\"\n","timestamp":"2018-05-26T18:33:33.613Z"}
{"level":"info","message":"executed thread","timestamp":"2018-05-26T18:33:43.457Z"}
{"level":"info","message":"thread master","timestamp":"2018-05-26T18:33:43.459Z"}
{"level":"info","message":"executed thread","timestamp":"2018-05-26T18:33:43.850Z"}
{"level":"info","message":"thread slave","timestamp":"2018-05-26T18:33:43.852Z"}
{"level":"info","message":"cluster conected 10696","timestamp":"2018-05-26T18:33:44.637Z"}
{"level":"info","message":"Server run in port 3000.","timestamp":"2018-05-26T18:33:44.634Z"}
{"level":"info","message":"cluster conected 6360","timestamp":"2018-05-26T18:33:44.706Z"}
{"level":"info","message":"executed thread","timestamp":"2018-05-26T18:33:43.850Z"}
{"level":"info","message":"thread slave","timestamp":"2018-05-26T18:33:43.853Z"}
{"level":"info","message":"Server run in port 3000.","timestamp":"2018-05-26T18:33:44.705Z"}
{"level":"info","message":"cluster conected 16116","timestamp":"2018-05-26T18:33:44.720Z"}
{"level":"info","message":"executed thread","timestamp":"2018-05-26T18:33:43.874Z"}
{"level":"info","message":"thread slave","timestamp":"2018-05-26T18:33:43.884Z"}
{"level":"info","message":"Server run in port 3000.","timestamp":"2018-05-26T18:33:44.718Z"}
{"level":"info","message":"cluster conected 15788","timestamp":"2018-05-26T18:33:44.776Z"}
{"level":"info","message":"executed thread","timestamp":"2018-05-26T18:33:43.904Z"}
{"level":"info","message":"thread slave","timestamp":"2018-05-26T18:33:43.908Z"}
{"level":"info","message":"Server run in port 3000.","timestamp":"2018-05-26T18:33:44.774Z"}
{"level":"info","message":"GET /value/","timestamp":"2018-05-26T18:33:57.205Z"}
{"level":"info","message":"::1 - - [26/May/2018:18:33:57 +0000] \"GET /value/ HTTP/1.1\" 200 16 \"-\" \"PostmanRuntime/7.1.1\"\n","timestamp":"2018-05-26T18:33:57.205Z"}
{"level":"info","message":"executed thread","timestamp":"2018-05-26T18:34:09.426Z"}
{"level":"info","message":"thread master","timestamp":"2018-05-26T18:34:09.441Z"}
{"level":"info","message":"cluster conected 1592","timestamp":"2018-05-26T18:34:10.770Z"}
{"level":"info","message":"executed thread","timestamp":"2018-05-26T18:34:09.955Z"}
{"level":"info","message":"thread slave","timestamp":"2018-05-26T18:34:09.958Z"}
{"level":"info","message":"cluster conected 10152","timestamp":"2018-05-26T18:34:10.771Z"}
{"level":"info","message":"executed thread","timestamp":"2018-05-26T18:34:09.962Z"}
{"level":"info","message":"thread slave","timestamp":"2018-05-26T18:34:09.969Z"}
{"level":"info","message":"Server run in port 3000.","timestamp":"2018-05-26T18:34:10.769Z"}
{"level":"info","message":"Server run in port 3000.","timestamp":"2018-05-26T18:34:10.769Z"}
{"level":"info","message":"cluster conected 11984","timestamp":"2018-05-26T18:34:10.836Z"}
{"level":"info","message":"executed thread","timestamp":"2018-05-26T18:34:09.955Z"}
{"level":"info","message":"thread slave","timestamp":"2018-05-26T18:34:09.958Z"}
{"level":"info","message":"Server run in port 3000.","timestamp":"2018-05-26T18:34:10.835Z"}
{"level":"info","message":"cluster conected 6032","timestamp":"2018-05-26T18:34:10.877Z"}
{"level":"info","message":"executed thread","timestamp":"2018-05-26T18:34:10.026Z"}
{"level":"info","message":"thread slave","timestamp":"2018-05-26T18:34:10.034Z"}
{"level":"info","message":"Server run in port 3000.","timestamp":"2018-05-26T18:34:10.876Z"}
{"level":"info","message":"::1 - - [26/May/2018:18:34:13 +0000] \"GET /value/ HTTP/1.1\" 200 16 \"-\" \"PostmanRuntime/7.1.1\"\n","timestamp":"2018-05-26T18:34:13.965Z"}
{"level":"info","message":"::1 - - [26/May/2018:18:34:19 +0000] \"GET /value/ HTTP/1.1\" 200 16 \"-\" \"PostmanRuntime/7.1.1\"\n","timestamp":"2018-05-26T18:34:19.044Z"}
{"level":"info","message":"executed thread","timestamp":"2018-05-26T18:34:40.358Z"}
{"level":"info","message":"thread master","timestamp":"2018-05-26T18:34:40.358Z"}
{"level":"info","message":"cluster conected 7272","timestamp":"2018-05-26T18:34:41.543Z"}
{"level":"info","message":"executed thread","timestamp":"2018-05-26T18:34:40.742Z"}
{"level":"info","message":"thread slave","timestamp":"2018-05-26T18:34:40.744Z"}
{"level":"info","message":"Server run in port 3000.","timestamp":"2018-05-26T18:34:41.541Z"}
{"level":"info","message":"executed thread","timestamp":"2018-05-26T18:34:40.781Z"}
{"level":"info","message":"executed thread","timestamp":"2018-05-26T18:34:40.763Z"}
{"level":"info","message":"cluster conected 11432","timestamp":"2018-05-26T18:34:41.594Z"}
{"level":"info","message":"thread slave","timestamp":"2018-05-26T18:34:40.764Z"}
{"level":"info","message":"Server run in port 3000.","timestamp":"2018-05-26T18:34:41.591Z"}
{"level":"info","message":"cluster conected 13072","timestamp":"2018-05-26T18:34:41.594Z"}
{"level":"info","message":"thread slave","timestamp":"2018-05-26T18:34:40.790Z"}
{"level":"info","message":"Server run in port 3000.","timestamp":"2018-05-26T18:34:41.591Z"}
{"level":"info","message":"cluster conected 15648","timestamp":"2018-05-26T18:34:41.622Z"}
{"level":"info","message":"executed thread","timestamp":"2018-05-26T18:34:40.765Z"}
{"level":"info","message":"thread slave","timestamp":"2018-05-26T18:34:40.768Z"}
{"level":"info","message":"Server run in port 3000.","timestamp":"2018-05-26T18:34:41.621Z"}
{"level":"info","message":"executed thread","timestamp":"2018-05-26T18:35:03.124Z"}
{"level":"info","message":"thread master","timestamp":"2018-05-26T18:35:03.125Z"}
{"level":"info","message":"executed thread","timestamp":"2018-05-26T18:36:00.894Z"}
{"level":"info","message":"thread master","timestamp":"2018-05-26T18:36:00.896Z"}
{"level":"info","message":"executed thread","timestamp":"2018-05-26T18:37:42.923Z"}
{"level":"info","message":"thread master","timestamp":"2018-05-26T18:37:42.925Z"}
{"level":"info","message":"cluster 14820 disconnected","timestamp":"2018-05-26T18:37:43.920Z"}
{"level":"info","message":"cluster 14600 disconnected","timestamp":"2018-05-26T18:37:43.940Z"}
{"level":"info","message":"cluster 14852 disconnected","timestamp":"2018-05-26T18:37:43.994Z"}
{"level":"info","message":"cluster 15268 disconnected","timestamp":"2018-05-26T18:37:44.027Z"}
{"level":"info","message":"cluster 16224 disconnected","timestamp":"2018-05-26T18:37:45.017Z"}
{"level":"info","message":"cluster 15356 disconnected","timestamp":"2018-05-26T18:37:45.032Z"}
{"level":"info","message":"cluster 15876 disconnected","timestamp":"2018-05-26T18:37:45.122Z"}
{"level":"info","message":"cluster 11452 disconnected","timestamp":"2018-05-26T18:37:45.141Z"}
{"level":"info","message":"cluster 15964 disconnected","timestamp":"2018-05-26T18:37:45.999Z"}
{"level":"info","message":"cluster 15004 disconnected","timestamp":"2018-05-26T18:37:46.016Z"}
{"level":"info","message":"cluster 10588 disconnected","timestamp":"2018-05-26T18:37:46.165Z"}
{"level":"info","message":"cluster 9212 disconnected","timestamp":"2018-05-26T18:37:46.191Z"}
{"level":"info","message":"cluster 13800 disconnected","timestamp":"2018-05-26T18:37:47.108Z"}
{"level":"info","message":"cluster 5208 disconnected","timestamp":"2018-05-26T18:37:47.118Z"}
{"level":"info","message":"cluster 6588 disconnected","timestamp":"2018-05-26T18:37:47.308Z"}
{"level":"info","message":"cluster 12504 disconnected","timestamp":"2018-05-26T18:37:47.364Z"}
{"level":"info","message":"executed thread","timestamp":"2018-05-26T18:37:54.310Z"}
{"level":"info","message":"thread master","timestamp":"2018-05-26T18:37:54.311Z"}
{"level":"info","message":"cluster conected 10060","timestamp":"2018-05-26T18:37:55.407Z"}
{"level":"info","message":"executed thread","timestamp":"2018-05-26T18:37:54.679Z"}
{"level":"info","message":"thread slave","timestamp":"2018-05-26T18:37:54.682Z"}
{"level":"info","message":"Server run in port 3000.","timestamp":"2018-05-26T18:37:55.405Z"}
{"level":"info","message":"cluster conected 14652","timestamp":"2018-05-26T18:37:55.435Z"}
{"level":"info","message":"executed thread","timestamp":"2018-05-26T18:37:54.684Z"}
{"level":"info","message":"thread slave","timestamp":"2018-05-26T18:37:54.687Z"}
{"level":"info","message":"Server run in port 3000.","timestamp":"2018-05-26T18:37:55.434Z"}
{"level":"info","message":"cluster conected 16048","timestamp":"2018-05-26T18:37:55.450Z"}
{"level":"info","message":"executed thread","timestamp":"2018-05-26T18:37:54.697Z"}
{"level":"info","message":"thread slave","timestamp":"2018-05-26T18:37:54.700Z"}
{"level":"info","message":"Server run in port 3000.","timestamp":"2018-05-26T18:37:55.449Z"}
{"level":"info","message":"cluster conected 200","timestamp":"2018-05-26T18:37:55.483Z"}
{"level":"info","message":"executed thread","timestamp":"2018-05-26T18:37:54.694Z"}
{"level":"info","message":"thread slave","timestamp":"2018-05-26T18:37:54.696Z"}
{"level":"info","message":"Server run in port 3000.","timestamp":"2018-05-26T18:37:55.482Z"}
{"level":"info","message":"[Function: getMethodToken] [Function: getUrlToken]","timestamp":"2018-05-26T18:38:05.427Z"}
{"level":"info","message":"executed thread","timestamp":"2018-05-26T18:38:38.022Z"}
{"level":"info","message":"thread master","timestamp":"2018-05-26T18:38:38.024Z"}
{"level":"info","message":"executed thread","timestamp":"2018-05-26T18:38:38.386Z"}
{"level":"info","message":"thread slave","timestamp":"2018-05-26T18:38:38.398Z"}
{"level":"info","message":"Server run in port 3000.","timestamp":"2018-05-26T18:38:39.229Z"}
{"level":"info","message":"cluster conected 16284","timestamp":"2018-05-26T18:38:39.233Z"}
{"level":"info","message":"executed thread","timestamp":"2018-05-26T18:38:38.400Z"}
{"level":"info","message":"thread slave","timestamp":"2018-05-26T18:38:38.401Z"}
{"level":"info","message":"Server run in port 3000.","timestamp":"2018-05-26T18:38:39.239Z"}
{"level":"info","message":"cluster conected 5804","timestamp":"2018-05-26T18:38:39.250Z"}
{"level":"info","message":"cluster conected 15060","timestamp":"2018-05-26T18:38:39.298Z"}
{"level":"info","message":"executed thread","timestamp":"2018-05-26T18:38:38.400Z"}
{"level":"info","message":"thread slave","timestamp":"2018-05-26T18:38:38.405Z"}
{"level":"info","message":"Server run in port 3000.","timestamp":"2018-05-26T18:38:39.297Z"}
{"level":"info","message":"cluster conected 12516","timestamp":"2018-05-26T18:38:39.311Z"}
{"level":"info","message":"executed thread","timestamp":"2018-05-26T18:38:38.388Z"}
{"level":"info","message":"thread slave","timestamp":"2018-05-26T18:38:38.398Z"}
{"level":"info","message":"Server run in port 3000.","timestamp":"2018-05-26T18:38:39.310Z"}
{"level":"info","message":"executed thread","timestamp":"2018-05-26T18:38:46.536Z"}
{"level":"info","message":"thread master","timestamp":"2018-05-26T18:38:46.537Z"}
{"level":"info","message":"executed thread","timestamp":"2018-05-26T18:38:46.999Z"}
{"level":"info","message":"thread slave","timestamp":"2018-05-26T18:38:47.001Z"}
{"level":"info","message":"Server run in port 3000.","timestamp":"2018-05-26T18:38:47.914Z"}
{"level":"info","message":"executed thread","timestamp":"2018-05-26T18:38:46.992Z"}
{"level":"info","message":"thread slave","timestamp":"2018-05-26T18:38:46.998Z"}
{"level":"info","message":"cluster conected 7032","timestamp":"2018-05-26T18:38:47.920Z"}
{"level":"info","message":"Server run in port 3000.","timestamp":"2018-05-26T18:38:47.916Z"}
{"level":"info","message":"cluster conected 15916","timestamp":"2018-05-26T18:38:47.924Z"}
{"level":"info","message":"cluster conected 3036","timestamp":"2018-05-26T18:38:47.981Z"}
{"level":"info","message":"executed thread","timestamp":"2018-05-26T18:38:47.117Z"}
{"level":"info","message":"thread slave","timestamp":"2018-05-26T18:38:47.119Z"}
{"level":"info","message":"Server run in port 3000.","timestamp":"2018-05-26T18:38:47.981Z"}
{"level":"info","message":"cluster conected 15072","timestamp":"2018-05-26T18:38:48.026Z"}
{"level":"info","message":"executed thread","timestamp":"2018-05-26T18:38:47.062Z"}
{"level":"info","message":"thread slave","timestamp":"2018-05-26T18:38:47.069Z"}
{"level":"info","message":"Server run in port 3000.","timestamp":"2018-05-26T18:38:48.026Z"}
{"level":"info","message":"undefined [Function: getUrlToken]","timestamp":"2018-05-26T18:38:50.549Z"}
{"level":"info","message":"executed thread","timestamp":"2018-05-26T18:39:17.117Z"}
{"level":"info","message":"thread master","timestamp":"2018-05-26T18:39:17.119Z"}
{"level":"info","message":"cluster conected 12520","timestamp":"2018-05-26T18:39:18.268Z"}
{"level":"info","message":"executed thread","timestamp":"2018-05-26T18:39:17.487Z"}
{"level":"info","message":"thread slave","timestamp":"2018-05-26T18:39:17.490Z"}
{"level":"info","message":"Server run in port 3000.","timestamp":"2018-05-26T18:39:18.267Z"}
{"level":"info","message":"executed thread","timestamp":"2018-05-26T18:39:17.490Z"}
{"level":"info","message":"thread slave","timestamp":"2018-05-26T18:39:17.492Z"}
{"level":"info","message":"cluster conected 5256","timestamp":"2018-05-26T18:39:18.282Z"}
{"level":"info","message":"cluster conected 15528","timestamp":"2018-05-26T18:39:18.286Z"}
{"level":"info","message":"Server run in port 3000.","timestamp":"2018-05-26T18:39:18.270Z"}
{"level":"info","message":"Server run in port 3000.","timestamp":"2018-05-26T18:39:18.284Z"}
{"level":"info","message":"executed thread","timestamp":"2018-05-26T18:39:17.494Z"}
{"level":"info","message":"thread slave","timestamp":"2018-05-26T18:39:17.497Z"}
{"level":"info","message":"cluster conected 10064","timestamp":"2018-05-26T18:39:18.382Z"}
{"level":"info","message":"executed thread","timestamp":"2018-05-26T18:39:17.570Z"}
{"level":"info","message":"thread slave","timestamp":"2018-05-26T18:39:17.571Z"}
{"level":"info","message":"Server run in port 3000.","timestamp":"2018-05-26T18:39:18.381Z"}
{"level":"info","message":"undefined undefined","timestamp":"2018-05-26T18:39:20.997Z"}
{"level":"info","message":"executed thread","timestamp":"2018-05-26T18:39:27.496Z"}
{"level":"info","message":"thread master","timestamp":"2018-05-26T18:39:27.497Z"}
{"level":"info","message":"cluster conected 4480","timestamp":"2018-05-26T18:39:28.862Z"}
{"level":"info","message":"executed thread","timestamp":"2018-05-26T18:39:27.967Z"}
{"level":"info","message":"thread slave","timestamp":"2018-05-26T18:39:27.968Z"}
{"level":"info","message":"Server run in port 3000.","timestamp":"2018-05-26T18:39:28.860Z"}
{"level":"info","message":"cluster conected 2536","timestamp":"2018-05-26T18:39:28.882Z"}
{"level":"info","message":"executed thread","timestamp":"2018-05-26T18:39:28.002Z"}
{"level":"info","message":"thread slave","timestamp":"2018-05-26T18:39:28.006Z"}
{"level":"info","message":"Server run in port 3000.","timestamp":"2018-05-26T18:39:28.881Z"}
{"level":"info","message":"cluster conected 9676","timestamp":"2018-05-26T18:39:28.923Z"}
{"level":"info","message":"executed thread","timestamp":"2018-05-26T18:39:27.961Z"}
{"level":"info","message":"thread slave","timestamp":"2018-05-26T18:39:27.962Z"}
{"level":"info","message":"Server run in port 3000.","timestamp":"2018-05-26T18:39:28.922Z"}
{"level":"info","message":"cluster conected 7400","timestamp":"2018-05-26T18:39:29.030Z"}
{"level":"info","message":"executed thread","timestamp":"2018-05-26T18:39:28.029Z"}
{"level":"info","message":"thread slave","timestamp":"2018-05-26T18:39:28.032Z"}
{"level":"info","message":"Server run in port 3000.","timestamp":"2018-05-26T18:39:29.029Z"}
{"level":"info","message":"cluster 7400 disconnected","timestamp":"2018-05-26T18:39:32.675Z"}
{"level":"info","message":"cluster conected 14832","timestamp":"2018-05-26T18:39:33.404Z"}
{"level":"info","message":"executed thread","timestamp":"2018-05-26T18:39:32.951Z"}
{"level":"info","message":"thread slave","timestamp":"2018-05-26T18:39:32.951Z"}
{"level":"info","message":"Server run in port 3000.","timestamp":"2018-05-26T18:39:33.403Z"}
{"level":"info","message":"cluster 4480 disconnected","timestamp":"2018-05-26T18:39:46.165Z"}
{"level":"info","message":"executed thread","timestamp":"2018-05-26T18:39:46.438Z"}
{"level":"info","message":"thread master","timestamp":"2018-05-26T18:39:46.440Z"}
{"level":"info","message":"executed thread","timestamp":"2018-05-26T18:39:46.849Z"}
{"level":"info","message":"thread slave","timestamp":"2018-05-26T18:39:46.851Z"}
{"level":"info","message":"Server run in port 3000.","timestamp":"2018-05-26T18:39:47.773Z"}
{"level":"info","message":"cluster conected 8468","timestamp":"2018-05-26T18:39:47.778Z"}
{"level":"info","message":"cluster conected 16184","timestamp":"2018-05-26T18:39:47.779Z"}
{"level":"info","message":"executed thread","timestamp":"2018-05-26T18:39:46.846Z"}
{"level":"info","message":"thread slave","timestamp":"2018-05-26T18:39:46.847Z"}
{"level":"info","message":"Server run in port 3000.","timestamp":"2018-05-26T18:39:47.777Z"}
{"level":"info","message":"cluster conected 6220","timestamp":"2018-05-26T18:39:47.859Z"}
{"level":"info","message":"executed thread","timestamp":"2018-05-26T18:39:46.849Z"}
{"level":"info","message":"thread slave","timestamp":"2018-05-26T18:39:46.851Z"}
{"level":"info","message":"Server run in port 3000.","timestamp":"2018-05-26T18:39:47.858Z"}
{"level":"info","message":"cluster conected 16212","timestamp":"2018-05-26T18:39:47.909Z"}
{"level":"info","message":"executed thread","timestamp":"2018-05-26T18:39:46.906Z"}
{"level":"info","message":"thread slave","timestamp":"2018-05-26T18:39:46.908Z"}
{"level":"info","message":"Server run in port 3000.","timestamp":"2018-05-26T18:39:47.908Z"}
{"level":"info","message":"executed thread","timestamp":"2018-05-26T18:39:56.669Z"}
{"level":"info","message":"thread master","timestamp":"2018-05-26T18:39:56.670Z"}
{"level":"info","message":"cluster conected 13396","timestamp":"2018-05-26T18:39:58.185Z"}
{"level":"info","message":"executed thread","timestamp":"2018-05-26T18:39:57.092Z"}
{"level":"info","message":"cluster conected 11096","timestamp":"2018-05-26T18:39:58.190Z"}
{"level":"info","message":"thread slave","timestamp":"2018-05-26T18:39:57.096Z"}
{"level":"info","message":"Server run in port 3000.","timestamp":"2018-05-26T18:39:58.185Z"}
{"level":"info","message":"executed thread","timestamp":"2018-05-26T18:39:57.073Z"}
{"level":"info","message":"thread slave","timestamp":"2018-05-26T18:39:57.075Z"}
{"level":"info","message":"Server run in port 3000.","timestamp":"2018-05-26T18:39:58.189Z"}
{"level":"info","message":"cluster conected 964","timestamp":"2018-05-26T18:39:58.265Z"}
{"level":"info","message":"executed thread","timestamp":"2018-05-26T18:39:57.094Z"}
{"level":"info","message":"thread slave","timestamp":"2018-05-26T18:39:57.097Z"}
{"level":"info","message":"Server run in port 3000.","timestamp":"2018-05-26T18:39:58.265Z"}
{"level":"info","message":"executed thread","timestamp":"2018-05-26T18:39:57.149Z"}
{"level":"info","message":"thread slave","timestamp":"2018-05-26T18:39:57.161Z"}
{"level":"info","message":"Server run in port 3000.","timestamp":"2018-05-26T18:39:58.287Z"}
{"level":"info","message":"cluster conected 972","timestamp":"2018-05-26T18:39:58.296Z"}
{"level":"info","message":"executed thread","timestamp":"2018-05-26T18:39:59.845Z"}
{"level":"info","message":"thread master","timestamp":"2018-05-26T18:39:59.847Z"}
{"level":"info","message":"cluster conected 4652","timestamp":"2018-05-26T18:40:01.345Z"}
{"level":"info","message":"executed thread","timestamp":"2018-05-26T18:40:00.498Z"}
{"level":"info","message":"thread slave","timestamp":"2018-05-26T18:40:00.507Z"}
{"level":"info","message":"Server run in port 3000.","timestamp":"2018-05-26T18:40:01.344Z"}
{"level":"info","message":"cluster conected 6688","timestamp":"2018-05-26T18:40:01.356Z"}
{"level":"info","message":"cluster conected 8624","timestamp":"2018-05-26T18:40:01.356Z"}
{"level":"info","message":"Server run in port 3000.","timestamp":"2018-05-26T18:40:01.354Z"}
{"level":"info","message":"executed thread","timestamp":"2018-05-26T18:40:00.463Z"}
{"level":"info","message":"Server run in port 3000.","timestamp":"2018-05-26T18:40:01.354Z"}
{"level":"info","message":"thread slave","timestamp":"2018-05-26T18:40:00.468Z"}
{"level":"info","message":"executed thread","timestamp":"2018-05-26T18:40:00.444Z"}
{"level":"info","message":"thread slave","timestamp":"2018-05-26T18:40:00.446Z"}
{"level":"info","message":"cluster conected 4224","timestamp":"2018-05-26T18:40:01.370Z"}
{"level":"info","message":"executed thread","timestamp":"2018-05-26T18:40:00.440Z"}
{"level":"info","message":"thread slave","timestamp":"2018-05-26T18:40:00.445Z"}
{"level":"info","message":"Server run in port 3000.","timestamp":"2018-05-26T18:40:01.368Z"}
{"level":"info","message":"cluster 4224 disconnected","timestamp":"2018-05-26T18:40:03.788Z"}
{"level":"info","message":"cluster conected 5288","timestamp":"2018-05-26T18:40:04.469Z"}
{"level":"info","message":"executed thread","timestamp":"2018-05-26T18:40:04.027Z"}
{"level":"info","message":"thread slave","timestamp":"2018-05-26T18:40:04.027Z"}
{"level":"info","message":"Server run in port 3000.","timestamp":"2018-05-26T18:40:04.469Z"}
{"level":"info","message":"cluster 8624 disconnected","timestamp":"2018-05-26T18:40:42.470Z"}
{"level":"info","message":"executed thread","timestamp":"2018-05-26T18:40:42.754Z"}
{"level":"info","message":"thread master","timestamp":"2018-05-26T18:40:42.755Z"}
{"level":"info","message":"executed thread","timestamp":"2018-05-26T18:40:43.152Z"}
{"level":"info","message":"thread slave","timestamp":"2018-05-26T18:40:43.154Z"}
{"level":"info","message":"cluster conected 15056","timestamp":"2018-05-26T18:40:44.134Z"}
{"level":"info","message":"Server run in port 3000.","timestamp":"2018-05-26T18:40:44.133Z"}
{"level":"info","message":"executed thread","timestamp":"2018-05-26T18:40:43.163Z"}
{"level":"info","message":"cluster conected 9088","timestamp":"2018-05-26T18:40:44.185Z"}
{"level":"info","message":"thread slave","timestamp":"2018-05-26T18:40:43.166Z"}
{"level":"info","message":"Server run in port 3000.","timestamp":"2018-05-26T18:40:44.182Z"}
{"level":"info","message":"cluster conected 7216","timestamp":"2018-05-26T18:40:44.217Z"}
{"level":"info","message":"executed thread","timestamp":"2018-05-26T18:40:43.152Z"}
{"level":"info","message":"thread slave","timestamp":"2018-05-26T18:40:43.154Z"}
{"level":"info","message":"Server run in port 3000.","timestamp":"2018-05-26T18:40:44.217Z"}
{"level":"info","message":"cluster conected 16256","timestamp":"2018-05-26T18:40:44.246Z"}
{"level":"info","message":"executed thread","timestamp":"2018-05-26T18:40:43.199Z"}
{"level":"info","message":"thread slave","timestamp":"2018-05-26T18:40:43.203Z"}
{"level":"info","message":"Server run in port 3000.","timestamp":"2018-05-26T18:40:44.245Z"}
{"level":"info","message":"executed thread","timestamp":"2018-05-26T18:41:25.473Z"}
{"level":"info","message":"thread master","timestamp":"2018-05-26T18:41:25.474Z"}
{"level":"info","message":"executed thread","timestamp":"2018-05-26T18:41:26.593Z"}
{"level":"info","message":"thread master","timestamp":"2018-05-26T18:41:26.595Z"}
{"level":"info","message":"executed thread","timestamp":"2018-05-26T18:41:27.045Z"}
{"level":"info","message":"thread slave","timestamp":"2018-05-26T18:41:27.057Z"}
{"level":"info","message":"cluster conected 15400","timestamp":"2018-05-26T18:41:28.140Z"}
{"level":"info","message":"Server run in port 3000.","timestamp":"2018-05-26T18:41:28.139Z"}
{"level":"info","message":"cluster conected 3604","timestamp":"2018-05-26T18:41:28.157Z"}
{"level":"info","message":"executed thread","timestamp":"2018-05-26T18:41:27.043Z"}
{"level":"info","message":"thread slave","timestamp":"2018-05-26T18:41:27.057Z"}
{"level":"info","message":"Server run in port 3000.","timestamp":"2018-05-26T18:41:28.155Z"}
{"level":"info","message":"cluster conected 9028","timestamp":"2018-05-26T18:41:28.277Z"}
{"level":"info","message":"executed thread","timestamp":"2018-05-26T18:41:27.159Z"}
{"level":"info","message":"thread slave","timestamp":"2018-05-26T18:41:27.162Z"}
{"level":"info","message":"Server run in port 3000.","timestamp":"2018-05-26T18:41:28.276Z"}
{"level":"info","message":"cluster conected 13164","timestamp":"2018-05-26T18:41:28.298Z"}
{"level":"info","message":"executed thread","timestamp":"2018-05-26T18:41:27.136Z"}
{"level":"info","message":"thread slave","timestamp":"2018-05-26T18:41:27.143Z"}
{"level":"info","message":"Server run in port 3000.","timestamp":"2018-05-26T18:41:28.298Z"}
{"level":"info","message":"200 '/value/'","timestamp":"2018-05-26T18:41:31.637Z"}
{"level":"info","message":"executed thread","timestamp":"2018-05-26T18:42:50.500Z"}
{"level":"info","message":"thread master","timestamp":"2018-05-26T18:42:50.502Z"}
{"level":"info","message":"cluster conected 14640","timestamp":"2018-05-26T18:42:51.986Z"}
{"level":"info","message":"executed thread","timestamp":"2018-05-26T18:42:51.004Z"}
{"level":"info","message":"thread slave","timestamp":"2018-05-26T18:42:51.009Z"}
{"level":"info","message":"Server run in port 3000.","timestamp":"2018-05-26T18:42:51.985Z"}
{"level":"info","message":"cluster conected 15076","timestamp":"2018-05-26T18:42:52.018Z"}
{"level":"info","message":"executed thread","timestamp":"2018-05-26T18:42:51.013Z"}
{"level":"info","message":"thread slave","timestamp":"2018-05-26T18:42:51.029Z"}
{"level":"info","message":"Server run in port 3000.","timestamp":"2018-05-26T18:42:52.017Z"}
{"level":"info","message":"cluster conected 15520","timestamp":"2018-05-26T18:42:52.055Z"}
{"level":"info","message":"executed thread","timestamp":"2018-05-26T18:42:51.030Z"}
{"level":"info","message":"thread slave","timestamp":"2018-05-26T18:42:51.034Z"}
{"level":"info","message":"Server run in port 3000.","timestamp":"2018-05-26T18:42:52.055Z"}
{"level":"info","message":"cluster conected 5408","timestamp":"2018-05-26T18:42:52.090Z"}
{"level":"info","message":"executed thread","timestamp":"2018-05-26T18:42:51.035Z"}
{"level":"info","message":"thread slave","timestamp":"2018-05-26T18:42:51.038Z"}
{"level":"info","message":"Server run in port 3000.","timestamp":"2018-05-26T18:42:52.089Z"}
{"level":"info","message":"200 '/value/'","timestamp":"2018-05-26T18:42:55.593Z"}
{"level":"error","message":"404 '/values/'","timestamp":"2018-05-26T18:43:01.611Z"}
{"level":"info","message":"executed thread","timestamp":"2018-05-26T18:43:17.908Z"}
{"level":"info","message":"thread master","timestamp":"2018-05-26T18:43:17.909Z"}
{"level":"info","message":"executed thread","timestamp":"2018-05-26T18:43:18.338Z"}
{"level":"info","message":"thread slave","timestamp":"2018-05-26T18:43:18.340Z"}
{"level":"info","message":"cluster conected 11500","timestamp":"2018-05-26T18:43:19.142Z"}
{"level":"info","message":"Server run in port 3000.","timestamp":"2018-05-26T18:43:19.140Z"}
{"level":"info","message":"cluster conected 13700","timestamp":"2018-05-26T18:43:19.147Z"}
{"level":"info","message":"executed thread","timestamp":"2018-05-26T18:43:18.337Z"}
{"level":"info","message":"thread slave","timestamp":"2018-05-26T18:43:18.338Z"}
{"level":"info","message":"Server run in port 3000.","timestamp":"2018-05-26T18:43:19.146Z"}
{"level":"info","message":"cluster conected 14468","timestamp":"2018-05-26T18:43:19.160Z"}
{"level":"info","message":"executed thread","timestamp":"2018-05-26T18:43:18.383Z"}
{"level":"info","message":"thread slave","timestamp":"2018-05-26T18:43:18.386Z"}
{"level":"info","message":"Server run in port 3000.","timestamp":"2018-05-26T18:43:19.160Z"}
{"level":"info","message":"cluster conected 10884","timestamp":"2018-05-26T18:43:19.203Z"}
{"level":"info","message":"executed thread","timestamp":"2018-05-26T18:43:18.384Z"}
{"level":"info","message":"thread slave","timestamp":"2018-05-26T18:43:18.389Z"}
{"level":"info","message":"Server run in port 3000.","timestamp":"2018-05-26T18:43:19.202Z"}
{"level":"error","message":"404 '/values/'","timestamp":"2018-05-26T18:43:21.567Z"}
{"level":"info","message":"::1 - - [26/May/2018:18:43:21 +0000] \"GET /values/ HTTP/1.1\" 404 146 \"-\" \"PostmanRuntime/7.1.1\"\n","timestamp":"2018-05-26T18:43:21.567Z"}
{"level":"info","message":"executed thread","timestamp":"2018-05-26T18:44:28.053Z"}
{"level":"info","message":"thread master","timestamp":"2018-05-26T18:44:28.053Z"}
{"level":"info","message":"executed thread","timestamp":"2018-05-26T18:44:28.454Z"}
{"level":"info","message":"cluster conected 14648","timestamp":"2018-05-26T18:44:29.387Z"}
{"level":"info","message":"thread slave","timestamp":"2018-05-26T18:44:28.459Z"}
{"level":"info","message":"cluster conected 15912","timestamp":"2018-05-26T18:44:29.389Z"}
{"level":"info","message":"Server run in port 3000.","timestamp":"2018-05-26T18:44:29.386Z"}
{"level":"info","message":"executed thread","timestamp":"2018-05-26T18:44:28.457Z"}
{"level":"info","message":"thread slave","timestamp":"2018-05-26T18:44:28.460Z"}
{"level":"info","message":"Server run in port 3000.","timestamp":"2018-05-26T18:44:29.388Z"}
{"level":"info","message":"cluster conected 11304","timestamp":"2018-05-26T18:44:29.452Z"}
{"level":"info","message":"executed thread","timestamp":"2018-05-26T18:44:28.454Z"}
{"level":"info","message":"thread slave","timestamp":"2018-05-26T18:44:28.458Z"}
{"level":"info","message":"Server run in port 3000.","timestamp":"2018-05-26T18:44:29.452Z"}
{"level":"info","message":"cluster conected 7636","timestamp":"2018-05-26T18:44:29.501Z"}
{"level":"info","message":"executed thread","timestamp":"2018-05-26T18:44:28.582Z"}
{"level":"info","message":"thread slave","timestamp":"2018-05-26T18:44:28.585Z"}
{"level":"info","message":"Server run in port 3000.","timestamp":"2018-05-26T18:44:29.502Z"}
{"_readableState":{"objectMode":false,"highWaterMark":16384,"buffer":{"head":null,"tail":null,"length":0},"length":0,"pipes":null,"pipesCount":0,"flowing":true,"ended":true,"endEmitted":true,"reading":false,"sync":true,"needReadable":false,"emittedReadable":false,"readableListening":false,"resumeScheduled":false,"destroyed":false,"defaultEncoding":"utf8","awaitDrain":0,"readingMore":false,"decoder":null,"encoding":null},"readable":false,"domain":null,"_events":{},"_eventsCount":0,"socket":{"connecting":false,"_hadError":false,"_handle":{"reading":true,"owner":{"$ref":"$[\"socket\"]"},"onconnection":null,"writeQueueSize":0,"_consumed":true},"_parent":null,"_host":null,"_readableState":{"objectMode":false,"highWaterMark":16384,"buffer":{"head":null,"tail":null,"length":0},"length":0,"pipes":null,"pipesCount":0,"flowing":true,"ended":false,"endEmitted":false,"reading":true,"sync":false,"needReadable":true,"emittedReadable":false,"readableListening":false,"resumeScheduled":false,"destroyed":false,"defaultEncoding":"utf8","awaitDrain":0,"readingMore":false,"decoder":null,"encoding":null},"readable":true,"domain":null,"_events":{"end":[null,null],"drain":[null,null]},"_eventsCount":10,"_writableState":{"objectMode":false,"highWaterMark":16384,"finalCalled":false,"needDrain":false,"ending":false,"ended":false,"finished":false,"destroyed":false,"decodeStrings":false,"defaultEncoding":"utf8","length":0,"writing":false,"corked":0,"sync":false,"bufferProcessing":false,"writecb":null,"writelen":0,"bufferedRequest":null,"lastBufferedRequest":null,"pendingcb":1,"prefinished":false,"errorEmitted":false,"bufferedRequestCount":0,"corkedRequestsFree":{"next":null,"entry":null}},"writable":true,"allowHalfOpen":true,"_bytesDispatched":395,"_sockname":null,"_pendingData":null,"_pendingEncoding":"","server":{"domain":null,"_events":{},"_eventsCount":2,"_connections":1,"_handle":{"reading":false,"owner":{"$ref":"$[\"socket\"][\"server\"]"},"onread":null,"writeQueueSize":0},"_usingSlaves":false,"_slaves":[],"_unref":false,"allowHalfOpen":true,"pauseOnConnect":false,"httpAllowHalfOpen":false,"timeout":120000,"keepAliveTimeout":5000,"_pendingResponseData":0,"maxHeadersCount":null,"_connectionKey":"4:null:3000"},"_server":{"$ref":"$[\"socket\"][\"server\"]"},"_idleTimeout":5000,"_idleNext":{"_idleNext":{"$ref":"$[\"socket\"]"},"_idlePrev":{"$ref":"$[\"socket\"]"},"_timer":{"_list":{"$ref":"$[\"socket\"][\"_idleNext\"]"}},"_unrefed":true,"msecs":5000,"nextTick":false},"_idlePrev":{"$ref":"$[\"socket\"][\"_idleNext\"]"},"_idleStart":3862,"_destroyed":false,"parser":{"_headers":[],"_url":"","_consumed":true,"socket":{"$ref":"$[\"socket\"]"},"incoming":{"$ref":"$"},"outgoing":null,"maxHeaderPairs":2000},"_paused":false,"_httpMessage":null,"_peername":{"address":"::1","family":"IPv6","port":52057}},"connection":{"$ref":"$[\"socket\"]"},"httpVersionMajor":1,"httpVersionMinor":1,"httpVersion":"1.1","complete":true,"headers":{"content-type":"application/json","cache-control":"no-cache","postman-token":"8ac537f8-8d16-441d-8247-e8b723324174","user-agent":"PostmanRuntime/7.1.1","accept":"*/*","host":"localhost:3000","accept-encoding":"gzip, deflate","connection":"keep-alive"},"rawHeaders":["Content-Type","application/json","cache-control","no-cache","Postman-Token","8ac537f8-8d16-441d-8247-e8b723324174","User-Agent","PostmanRuntime/7.1.1","Accept","*/*","Host","localhost:3000","accept-encoding","gzip, deflate","Connection","keep-alive"],"trailers":{},"rawTrailers":[],"upgrade":false,"url":"/values/","method":"GET","statusCode":null,"statusMessage":null,"client":{"$ref":"$[\"socket\"]"},"_consuming":true,"_dumped":false,"originalUrl":"/values/","_parsedUrl":{"protocol":null,"slashes":null,"auth":null,"host":null,"port":null,"hostname":null,"hash":null,"search":null,"query":null,"pathname":"/values/","path":"/values/","href":"/values/","_raw":"/values/"},"query":{},"res":{"domain":null,"_events":{},"_eventsCount":1,"output":[],"outputEncodings":[],"outputCallbacks":[],"outputSize":0,"writable":true,"_last":false,"upgrading":false,"chunkedEncoding":false,"shouldKeepAlive":true,"useChunkedEncodingByDefault":true,"sendDate":true,"_removedConnection":false,"_removedContLen":false,"_removedTE":false,"_contentLength":146,"_hasBody":true,"_trailer":"","finished":true,"_headerSent":true,"socket":null,"connection":null,"_header":"HTTP/1.1 404 Not Found\r\nX-Powered-By: Express\r\nContent-Security-Policy: default-src 'self'\r\nX-Content-Type-Options: nosniff\r\nContent-Type: text/html; charset=utf-8\r\nContent-Length: 146\r\nDate: Sat, 26 May 2018 18:44:31 GMT\r\nConnection: keep-alive\r\n\r\n","_sent100":false,"_expect_continue":false,"req":{"$ref":"$"},"locals":{},"_startAt":[8900,853082400],"_startTime":"2018-05-26T18:44:31.952Z","__onFinished":null,"statusCode":404,"statusMessage":"Not Found"},"body":{},"_validationCustomMethods":{"sanitizers":{},"validators":{}},"_validationErrors":[],"_asyncValidationErrors":[],"_startAt":[8900,849837300],"_startTime":"2018-05-26T18:44:31.948Z","_remoteAddress":"::1","_parsedOriginalUrl":{"protocol":null,"slashes":null,"auth":null,"host":null,"port":null,"hostname":null,"hash":null,"search":null,"query":null,"pathname":"/values/","path":"/values/","href":"/values/","_raw":"/values/"},"__onFinished":null,"level":"info","message":"req","timestamp":"2018-05-26T18:44:31.966Z"}
{"domain":null,"_events":{},"_eventsCount":1,"output":[],"outputEncodings":[],"outputCallbacks":[],"outputSize":0,"writable":true,"_last":false,"upgrading":false,"chunkedEncoding":false,"shouldKeepAlive":true,"useChunkedEncodingByDefault":true,"sendDate":true,"_removedConnection":false,"_removedContLen":false,"_removedTE":false,"_contentLength":146,"_hasBody":true,"_trailer":"","finished":true,"_headerSent":true,"socket":null,"connection":null,"_header":"HTTP/1.1 404 Not Found\r\nX-Powered-By: Express\r\nContent-Security-Policy: default-src 'self'\r\nX-Content-Type-Options: nosniff\r\nContent-Type: text/html; charset=utf-8\r\nContent-Length: 146\r\nDate: Sat, 26 May 2018 18:44:31 GMT\r\nConnection: keep-alive\r\n\r\n","_sent100":false,"_expect_continue":false,"req":{"_readableState":{"objectMode":false,"highWaterMark":16384,"buffer":{"head":null,"tail":null,"length":0},"length":0,"pipes":null,"pipesCount":0,"flowing":true,"ended":true,"endEmitted":true,"reading":false,"sync":true,"needReadable":false,"emittedReadable":false,"readableListening":false,"resumeScheduled":false,"destroyed":false,"defaultEncoding":"utf8","awaitDrain":0,"readingMore":false,"decoder":null,"encoding":null},"readable":false,"domain":null,"_events":{},"_eventsCount":0,"socket":{"connecting":false,"_hadError":false,"_handle":{"reading":true,"owner":{"$ref":"$[\"req\"][\"socket\"]"},"onconnection":null,"writeQueueSize":0,"_consumed":true},"_parent":null,"_host":null,"_readableState":{"objectMode":false,"highWaterMark":16384,"buffer":{"head":null,"tail":null,"length":0},"length":0,"pipes":null,"pipesCount":0,"flowing":true,"ended":false,"endEmitted":false,"reading":true,"sync":false,"needReadable":true,"emittedReadable":false,"readableListening":false,"resumeScheduled":false,"destroyed":false,"defaultEncoding":"utf8","awaitDrain":0,"readingMore":false,"decoder":null,"encoding":null},"readable":true,"domain":null,"_events":{"end":[null,null],"drain":[null,null]},"_eventsCount":10,"_writableState":{"objectMode":false,"highWaterMark":16384,"finalCalled":false,"needDrain":false,"ending":false,"ended":false,"finished":false,"destroyed":false,"decodeStrings":false,"defaultEncoding":"utf8","length":0,"writing":false,"corked":0,"sync":false,"bufferProcessing":false,"writecb":null,"writelen":0,"bufferedRequest":null,"lastBufferedRequest":null,"pendingcb":1,"prefinished":false,"errorEmitted":false,"bufferedRequestCount":0,"corkedRequestsFree":{"next":null,"entry":null}},"writable":true,"allowHalfOpen":true,"_bytesDispatched":395,"_sockname":null,"_pendingData":null,"_pendingEncoding":"","server":{"domain":null,"_events":{},"_eventsCount":2,"_connections":1,"_handle":{"reading":false,"owner":{"$ref":"$[\"req\"][\"socket\"][\"server\"]"},"onread":null,"writeQueueSize":0},"_usingSlaves":false,"_slaves":[],"_unref":false,"allowHalfOpen":true,"pauseOnConnect":false,"httpAllowHalfOpen":false,"timeout":120000,"keepAliveTimeout":5000,"_pendingResponseData":0,"maxHeadersCount":null,"_connectionKey":"4:null:3000"},"_server":{"$ref":"$[\"req\"][\"socket\"][\"server\"]"},"_idleTimeout":5000,"_idleNext":{"_idleNext":{"$ref":"$[\"req\"][\"socket\"]"},"_idlePrev":{"$ref":"$[\"req\"][\"socket\"]"},"_timer":{"_list":{"$ref":"$[\"req\"][\"socket\"][\"_idleNext\"]"}},"_unrefed":true,"msecs":5000,"nextTick":false},"_idlePrev":{"$ref":"$[\"req\"][\"socket\"][\"_idleNext\"]"},"_idleStart":3862,"_destroyed":false,"parser":{"_headers":[],"_url":"","_consumed":true,"socket":{"$ref":"$[\"req\"][\"socket\"]"},"incoming":{"$ref":"$[\"req\"]"},"outgoing":null,"maxHeaderPairs":2000},"_paused":false,"_httpMessage":null,"_peername":{"address":"::1","family":"IPv6","port":52057}},"connection":{"$ref":"$[\"req\"][\"socket\"]"},"httpVersionMajor":1,"httpVersionMinor":1,"httpVersion":"1.1","complete":true,"headers":{"content-type":"application/json","cache-control":"no-cache","postman-token":"8ac537f8-8d16-441d-8247-e8b723324174","user-agent":"PostmanRuntime/7.1.1","accept":"*/*","host":"localhost:3000","accept-encoding":"gzip, deflate","connection":"keep-alive"},"rawHeaders":["Content-Type","application/json","cache-control","no-cache","Postman-Token","8ac537f8-8d16-441d-8247-e8b723324174","User-Agent","PostmanRuntime/7.1.1","Accept","*/*","Host","localhost:3000","accept-encoding","gzip, deflate","Connection","keep-alive"],"trailers":{},"rawTrailers":[],"upgrade":false,"url":"/values/","method":"GET","statusCode":null,"statusMessage":null,"client":{"$ref":"$[\"req\"][\"socket\"]"},"_consuming":true,"_dumped":false,"originalUrl":"/values/","_parsedUrl":{"protocol":null,"slashes":null,"auth":null,"host":null,"port":null,"hostname":null,"hash":null,"search":null,"query":null,"pathname":"/values/","path":"/values/","href":"/values/","_raw":"/values/"},"query":{},"res":{"$ref":"$"},"body":{},"_validationCustomMethods":{"sanitizers":{},"validators":{}},"_validationErrors":[],"_asyncValidationErrors":[],"_startAt":[8900,849837300],"_startTime":"2018-05-26T18:44:31.948Z","_remoteAddress":"::1","_parsedOriginalUrl":{"protocol":null,"slashes":null,"auth":null,"host":null,"port":null,"hostname":null,"hash":null,"search":null,"query":null,"pathname":"/values/","path":"/values/","href":"/values/","_raw":"/values/"},"__onFinished":null},"locals":{},"_startAt":[8900,853082400],"_startTime":"2018-05-26T18:44:31.952Z","__onFinished":null,"statusCode":404,"statusMessage":"Not Found","level":"info","message":"res","timestamp":"2018-05-26T18:44:31.994Z"}
{"level":"error","message":"404 '/values/'","timestamp":"2018-05-26T18:44:31.998Z"}
{"level":"info","message":"::1 - - [26/May/2018:18:44:31 +0000] \"GET /values/ HTTP/1.1\" 404 146 \"-\" \"PostmanRuntime/7.1.1\"\n","timestamp":"2018-05-26T18:44:31.999Z"}
{"level":"info","message":"executed thread","timestamp":"2018-05-26T18:45:01.120Z"}
{"level":"info","message":"thread master","timestamp":"2018-05-26T18:45:01.121Z"}
{"level":"info","message":"executed thread","timestamp":"2018-05-26T18:45:01.504Z"}
{"level":"info","message":"thread slave","timestamp":"2018-05-26T18:45:01.507Z"}
{"level":"info","message":"cluster conected 13020","timestamp":"2018-05-26T18:45:02.561Z"}
{"level":"info","message":"Server run in port 3000.","timestamp":"2018-05-26T18:45:02.560Z"}
{"level":"info","message":"executed thread","timestamp":"2018-05-26T18:45:01.512Z"}
{"level":"info","message":"thread slave","timestamp":"2018-05-26T18:45:01.514Z"}
{"level":"info","message":"Server run in port 3000.","timestamp":"2018-05-26T18:45:02.625Z"}
{"level":"info","message":"cluster conected 6676","timestamp":"2018-05-26T18:45:02.631Z"}
{"level":"info","message":"cluster conected 14900","timestamp":"2018-05-26T18:45:02.674Z"}
{"level":"info","message":"executed thread","timestamp":"2018-05-26T18:45:01.537Z"}
{"level":"info","message":"thread slave","timestamp":"2018-05-26T18:45:01.542Z"}
{"level":"info","message":"Server run in port 3000.","timestamp":"2018-05-26T18:45:02.671Z"}
{"level":"info","message":"cluster conected 11368","timestamp":"2018-05-26T18:45:02.711Z"}
{"level":"info","message":"executed thread","timestamp":"2018-05-26T18:45:01.536Z"}
{"level":"info","message":"thread slave","timestamp":"2018-05-26T18:45:01.542Z"}
{"level":"info","message":"Server run in port 3000.","timestamp":"2018-05-26T18:45:02.709Z"}
{"level":"info","message":"cluster 13020 disconnected","timestamp":"2018-05-26T18:45:23.375Z"}
{"level":"info","message":"executed thread","timestamp":"2018-05-26T18:45:23.606Z"}
{"level":"info","message":"thread master","timestamp":"2018-05-26T18:45:23.615Z"}
{"level":"info","message":"executed thread","timestamp":"2018-05-26T18:45:24.010Z"}
{"level":"info","message":"cluster conected 12468","timestamp":"2018-05-26T18:45:25.003Z"}
{"level":"info","message":"thread slave","timestamp":"2018-05-26T18:45:24.012Z"}
{"level":"info","message":"Server run in port 3000.","timestamp":"2018-05-26T18:45:25.002Z"}
{"level":"info","message":"cluster conected 80","timestamp":"2018-05-26T18:45:25.032Z"}
{"level":"info","message":"executed thread","timestamp":"2018-05-26T18:45:24.022Z"}
{"level":"info","message":"thread slave","timestamp":"2018-05-26T18:45:24.025Z"}
{"level":"info","message":"Server run in port 3000.","timestamp":"2018-05-26T18:45:25.031Z"}
{"level":"info","message":"cluster conected 11528","timestamp":"2018-05-26T18:45:25.048Z"}
{"level":"info","message":"cluster conected 15448","timestamp":"2018-05-26T18:45:25.048Z"}
{"level":"info","message":"executed thread","timestamp":"2018-05-26T18:45:24.071Z"}
{"level":"info","message":"executed thread","timestamp":"2018-05-26T18:45:24.035Z"}
{"level":"info","message":"thread slave","timestamp":"2018-05-26T18:45:24.072Z"}
{"level":"info","message":"thread slave","timestamp":"2018-05-26T18:45:24.040Z"}
{"level":"info","message":"Server run in port 3000.","timestamp":"2018-05-26T18:45:25.046Z"}
{"level":"info","message":"Server run in port 3000.","timestamp":"2018-05-26T18:45:25.046Z"}
{"level":"info","message":"executed thread","timestamp":"2018-05-26T18:45:56.879Z"}
{"level":"info","message":"thread master","timestamp":"2018-05-26T18:45:56.881Z"}
{"level":"info","message":"cluster conected 14808","timestamp":"2018-05-26T18:45:58.158Z"}
{"level":"info","message":"executed thread","timestamp":"2018-05-26T18:45:57.340Z"}
{"level":"info","message":"executed thread","timestamp":"2018-05-26T18:45:57.340Z"}
{"level":"info","message":"thread slave","timestamp":"2018-05-26T18:45:57.343Z"}
{"level":"info","message":"thread slave","timestamp":"2018-05-26T18:45:57.343Z"}
{"level":"info","message":"Server run in port 3000.","timestamp":"2018-05-26T18:45:58.155Z"}
{"level":"info","message":"cluster conected 12504","timestamp":"2018-05-26T18:45:58.159Z"}
{"level":"info","message":"Server run in port 3000.","timestamp":"2018-05-26T18:45:58.157Z"}
{"level":"info","message":"cluster conected 2448","timestamp":"2018-05-26T18:45:58.171Z"}
{"level":"info","message":"executed thread","timestamp":"2018-05-26T18:45:57.334Z"}
{"level":"info","message":"thread slave","timestamp":"2018-05-26T18:45:57.335Z"}
{"level":"info","message":"Server run in port 3000.","timestamp":"2018-05-26T18:45:58.169Z"}
{"level":"info","message":"cluster conected 11296","timestamp":"2018-05-26T18:45:58.191Z"}
{"level":"info","message":"executed thread","timestamp":"2018-05-26T18:45:57.346Z"}
{"level":"info","message":"thread slave","timestamp":"2018-05-26T18:45:57.349Z"}
{"level":"info","message":"Server run in port 3000.","timestamp":"2018-05-26T18:45:58.190Z"}
{"level":"error","message":"404 '/values/'","timestamp":"2018-05-26T18:46:02.373Z"}
{"level":"info","message":"executed thread","timestamp":"2018-05-26T18:46:14.354Z"}
{"level":"info","message":"thread master","timestamp":"2018-05-26T18:46:14.355Z"}
{"level":"info","message":"cluster conected 8032","timestamp":"2018-05-26T18:46:15.849Z"}
{"level":"info","message":"executed thread","timestamp":"2018-05-26T18:46:14.791Z"}
{"level":"info","message":"thread slave","timestamp":"2018-05-26T18:46:14.792Z"}
{"level":"info","message":"Server run in port 3000.","timestamp":"2018-05-26T18:46:15.848Z"}
{"level":"info","message":"cluster conected 6884","timestamp":"2018-05-26T18:46:15.872Z"}
{"level":"info","message":"executed thread","timestamp":"2018-05-26T18:46:14.842Z"}
{"level":"info","message":"thread slave","timestamp":"2018-05-26T18:46:14.845Z"}
{"level":"info","message":"Server run in port 3000.","timestamp":"2018-05-26T18:46:15.871Z"}
{"level":"info","message":"cluster conected 14080","timestamp":"2018-05-26T18:46:15.883Z"}
{"level":"info","message":"executed thread","timestamp":"2018-05-26T18:46:14.836Z"}
{"level":"info","message":"thread slave","timestamp":"2018-05-26T18:46:14.838Z"}
{"level":"info","message":"Server run in port 3000.","timestamp":"2018-05-26T18:46:15.882Z"}
{"level":"info","message":"cluster conected 5664","timestamp":"2018-05-26T18:46:15.889Z"}
{"level":"info","message":"executed thread","timestamp":"2018-05-26T18:46:14.791Z"}
{"level":"info","message":"thread slave","timestamp":"2018-05-26T18:46:14.792Z"}
{"level":"info","message":"Server run in port 3000.","timestamp":"2018-05-26T18:46:15.888Z"}
{"level":"info","message":"executed thread","timestamp":"2018-05-26T18:46:36.580Z"}
{"level":"info","message":"thread master","timestamp":"2018-05-26T18:46:36.583Z"}
{"level":"info","message":"cluster conected 3592","timestamp":"2018-05-26T18:46:38.142Z"}
{"level":"info","message":"executed thread","timestamp":"2018-05-26T18:46:37.113Z"}
{"level":"info","message":"thread slave","timestamp":"2018-05-26T18:46:37.136Z"}
{"level":"info","message":"Server run in port 3000.","timestamp":"2018-05-26T18:46:38.141Z"}
{"level":"info","message":"executed thread","timestamp":"2018-05-26T18:46:37.112Z"}
{"level":"info","message":"thread slave","timestamp":"2018-05-26T18:46:37.133Z"}
{"level":"info","message":"cluster conected 9752","timestamp":"2018-05-26T18:46:38.151Z"}
{"level":"info","message":"cluster conected 10600","timestamp":"2018-05-26T18:46:38.156Z"}
{"level":"info","message":"Server run in port 3000.","timestamp":"2018-05-26T18:46:38.149Z"}
{"level":"info","message":"Server run in port 3000.","timestamp":"2018-05-26T18:46:38.156Z"}
{"level":"info","message":"executed thread","timestamp":"2018-05-26T18:46:37.179Z"}
{"level":"info","message":"thread slave","timestamp":"2018-05-26T18:46:37.186Z"}
{"level":"info","message":"cluster conected 7380","timestamp":"2018-05-26T18:46:38.223Z"}
{"level":"info","message":"executed thread","timestamp":"2018-05-26T18:46:37.156Z"}
{"level":"info","message":"thread slave","timestamp":"2018-05-26T18:46:37.160Z"}
{"level":"info","message":"Server run in port 3000.","timestamp":"2018-05-26T18:46:38.223Z"}
{"level":"error","message":"404 '/values/'","timestamp":"2018-05-26T18:46:41.732Z"}
{"level":"info","message":"","timestamp":"2018-05-26T18:46:41.733Z"}
{"level":"info","message":"executed thread","timestamp":"2018-05-26T18:47:08.407Z"}
{"level":"info","message":"thread master","timestamp":"2018-05-26T18:47:08.408Z"}
{"level":"info","message":"cluster conected 5296","timestamp":"2018-05-26T18:47:09.845Z"}
{"level":"info","message":"cluster conected 16376","timestamp":"2018-05-26T18:47:09.848Z"}
{"level":"info","message":"executed thread","timestamp":"2018-05-26T18:47:08.927Z"}
{"level":"info","message":"executed thread","timestamp":"2018-05-26T18:47:08.920Z"}
{"level":"info","message":"thread slave","timestamp":"2018-05-26T18:47:08.928Z"}
{"level":"info","message":"Server run in port 3000.","timestamp":"2018-05-26T18:47:09.848Z"}
{"level":"info","message":"thread slave","timestamp":"2018-05-26T18:47:08.931Z"}
{"level":"info","message":"Server run in port 3000.","timestamp":"2018-05-26T18:47:09.845Z"}
{"level":"info","message":"cluster conected 7436","timestamp":"2018-05-26T18:47:09.871Z"}
{"level":"info","message":"executed thread","timestamp":"2018-05-26T18:47:08.877Z"}
{"level":"info","message":"thread slave","timestamp":"2018-05-26T18:47:08.884Z"}
{"level":"info","message":"Server run in port 3000.","timestamp":"2018-05-26T18:47:09.870Z"}
{"level":"info","message":"cluster conected 15896","timestamp":"2018-05-26T18:47:09.926Z"}
{"level":"info","message":"executed thread","timestamp":"2018-05-26T18:47:08.994Z"}
{"level":"info","message":"thread slave","timestamp":"2018-05-26T18:47:09.012Z"}
{"level":"info","message":"Server run in port 3000.","timestamp":"2018-05-26T18:47:09.926Z"}
{"level":"info","message":"executed thread","timestamp":"2018-05-26T18:47:16.836Z"}
{"level":"info","message":"thread master","timestamp":"2018-05-26T18:47:16.836Z"}
{"level":"info","message":"cluster conected 172","timestamp":"2018-05-26T18:47:18.158Z"}
{"level":"info","message":"executed thread","timestamp":"2018-05-26T18:47:17.331Z"}
{"level":"info","message":"thread slave","timestamp":"2018-05-26T18:47:17.333Z"}
{"level":"info","message":"Server run in port 3000.","timestamp":"2018-05-26T18:47:18.156Z"}
{"level":"info","message":"cluster conected 4544","timestamp":"2018-05-26T18:47:18.194Z"}
{"level":"info","message":"executed thread","timestamp":"2018-05-26T18:47:17.331Z"}
{"level":"info","message":"thread slave","timestamp":"2018-05-26T18:47:17.335Z"}
{"level":"info","message":"Server run in port 3000.","timestamp":"2018-05-26T18:47:18.193Z"}
{"level":"info","message":"cluster conected 14556","timestamp":"2018-05-26T18:47:18.254Z"}
{"level":"info","message":"cluster conected 8032","timestamp":"2018-05-26T18:47:18.255Z"}
{"level":"info","message":"executed thread","timestamp":"2018-05-26T18:47:17.337Z"}
{"level":"info","message":"thread slave","timestamp":"2018-05-26T18:47:17.339Z"}
{"level":"info","message":"executed thread","timestamp":"2018-05-26T18:47:17.402Z"}
{"level":"info","message":"thread slave","timestamp":"2018-05-26T18:47:17.405Z"}
{"level":"info","message":"Server run in port 3000.","timestamp":"2018-05-26T18:47:18.254Z"}
{"level":"info","message":"Server run in port 3000.","timestamp":"2018-05-26T18:47:18.254Z"}
{"level":"info","message":"::1 - - [26/May/2018:18:47:21 +0000] \"GET /values/ HTTP/1.1\" 404 146 \"-\" \"PostmanRuntime/7.1.1\"\n","timestamp":"2018-05-26T18:47:21.214Z"}
{"level":"info","message":"::1 - - [26/May/2018:18:47:30 +0000] \"GET /value/ HTTP/1.1\" 200 16 \"-\" \"PostmanRuntime/7.1.1\"\n","timestamp":"2018-05-26T18:47:30.273Z"}
{"level":"info","message":"::1 - - [26/May/2018:18:55:29 +0000] \"GET /value/ HTTP/1.1\" 200 16 \"-\" \"PostmanRuntime/7.1.1\"\n","timestamp":"2018-05-26T18:55:29.300Z"}
{"level":"info","message":"executed thread","timestamp":"2018-05-26T20:56:15.958Z"}
{"level":"info","message":"thread master","timestamp":"2018-05-26T20:56:15.960Z"}
{"level":"info","message":"cluster conected 12344","timestamp":"2018-05-26T20:56:17.339Z"}
{"level":"info","message":"executed thread","timestamp":"2018-05-26T20:56:16.506Z"}
{"level":"info","message":"thread slave","timestamp":"2018-05-26T20:56:16.545Z"}
{"level":"info","message":"Server run in port 3000.","timestamp":"2018-05-26T20:56:17.337Z"}
{"level":"info","message":"executed thread","timestamp":"2018-05-26T20:56:16.692Z"}
{"level":"info","message":"thread slave","timestamp":"2018-05-26T20:56:16.723Z"}
{"level":"info","message":"Server run in port 3000.","timestamp":"2018-05-26T20:56:17.394Z"}
{"level":"info","message":"cluster conected 1740","timestamp":"2018-05-26T20:56:17.410Z"}
{"level":"info","message":"cluster conected 10544","timestamp":"2018-05-26T20:56:17.466Z"}
{"level":"info","message":"executed thread","timestamp":"2018-05-26T20:56:16.517Z"}
{"level":"info","message":"thread slave","timestamp":"2018-05-26T20:56:16.581Z"}
{"level":"info","message":"Server run in port 3000.","timestamp":"2018-05-26T20:56:17.464Z"}
{"level":"info","message":"cluster conected 11392","timestamp":"2018-05-26T20:56:17.481Z"}
{"level":"info","message":"executed thread","timestamp":"2018-05-26T20:56:16.606Z"}
{"level":"info","message":"thread slave","timestamp":"2018-05-26T20:56:16.646Z"}
{"level":"info","message":"Server run in port 3000.","timestamp":"2018-05-26T20:56:17.478Z"}
{"level":"info","message":"::1 - - [26/May/2018:20:56:28 +0000] \"GET /value/ HTTP/1.1\" 200 16 \"-\" \"Mozilla/5.0 (Windows NT 10.0; Win64; x64) AppleWebKit/537.36 (KHTML, like Gecko) Chrome/63.0.3239.84 Safari/537.36\"\n","timestamp":"2018-05-26T20:56:28.254Z"}
{"level":"info","message":"::1 - - [26/May/2018:20:56:28 +0000] \"GET /favicon.ico HTTP/1.1\" 404 150 \"http://localhost:3000/value/\" \"Mozilla/5.0 (Windows NT 10.0; Win64; x64) AppleWebKit/537.36 (KHTML, like Gecko) Chrome/63.0.3239.84 Safari/537.36\"\n","timestamp":"2018-05-26T20:56:28.433Z"}
{"level":"info","message":"Server run in port 3000.","timestamp":"2018-05-26T21:06:15.614Z"}
{"level":"info","message":"::1 - - [26/May/2018:21:06:33 +0000] \"GET /value HTTP/1.1\" 200 16 \"-\" \"PostmanRuntime/7.1.1\"\n","timestamp":"2018-05-26T21:06:33.432Z"}
